
**** Build of configuration Debug for project SCANER ****

"C:\\ti\\ccsv8\\utils\\bin\\gmake" -k -j 4 all -O 
 
Building file: "../main.c"
Invoking: ARM Compiler
"C:/ti/ccsv8/tools/compiler/ti-cgt-arm_18.1.1.LTS/bin/armcl" -mv7M4 --code_state=16 --float_support=FPv4SPD16 -me --include_path="C:/Users/Jorge/Desktop/Proyecto SD/Etapa 2/SCANER" --include_path="C:/ti/ccsv8/tools/compiler/ti-cgt-arm_18.1.1.LTS/include" --define=ccs="ccs" --define=PART_TM4C123GH6PM -g --gcc --diag_warning=225 --diag_wrap=off --display_error_number --abi=eabi --preproc_with_compile --preproc_dependency="main.d_raw"  "../main.c"
 
>> Compilation failure
subdir_rules.mk:9: recipe for target 'main.obj' failed
"../main.c", line 6: warning #48-D: incompatible redefinition of macro "I2C_MCS_ACK" (declared at line 3067 of "..\tm4c123gh6pm.h")
"../main.c", line 7: warning #48-D: incompatible redefinition of macro "I2C_MCS_DATACK" (declared at line 3068 of "..\tm4c123gh6pm.h")
"../main.c", line 8: warning #48-D: incompatible redefinition of macro "I2C_MCS_ADRACK" (declared at line 3069 of "..\tm4c123gh6pm.h")
"../main.c", line 9: warning #48-D: incompatible redefinition of macro "I2C_MCS_STOP" (declared at line 3070 of "..\tm4c123gh6pm.h")
"../main.c", line 10: warning #48-D: incompatible redefinition of macro "I2C_MCS_START" (declared at line 3072 of "..\tm4c123gh6pm.h")
"../main.c", line 11: warning #48-D: incompatible redefinition of macro "I2C_MCS_ERROR" (declared at line 3071 of "..\tm4c123gh6pm.h")
"../main.c", line 12: warning #48-D: incompatible redefinition of macro "I2C_MCS_RUN" (declared at line 3073 of "..\tm4c123gh6pm.h")
"../main.c", line 13: warning #48-D: incompatible redefinition of macro "I2C_MCS_BUSY" (declared at line 3074 of "..\tm4c123gh6pm.h")
"../main.c", line 14: warning #48-D: incompatible redefinition of macro "I2C_MCR_MFE" (declared at line 3135 of "..\tm4c123gh6pm.h")
"../main.c", line 83: error #20: identifier "slave" is undefined
"../main.c", line 93: error #20: identifier "MAXRETRIES" is undefined
"../main.c", line 98: warning #225-D: function "I2C_Send2" declared implicitly
"../main.c", line 109: error #20: identifier "valor_1" is undefined
"../main.c", line 111: error #20: identifier "valor_2" is undefined
"../main.c", line 112: warning #551-D: variable "valor1" is used before its value is set
"../main.c", line 112: warning #551-D: variable "valor2" is used before its value is set
"../main.c", line 119: warning #552-D: variable "gyro_x" was set but never used
"../main.c", line 119: warning #552-D: variable "gyro_y" was set but never used
"../main.c", line 119: warning #552-D: variable "gyro_z" was set but never used
4 errors detected in the compilation of "../main.c".
gmake: *** [main.obj] Error 1
Building file: "../tm4c123gh6pm_startup_ccs.c"
Invoking: ARM Compiler
"C:/ti/ccsv8/tools/compiler/ti-cgt-arm_18.1.1.LTS/bin/armcl" -mv7M4 --code_state=16 --float_support=FPv4SPD16 -me --include_path="C:/Users/Jorge/Desktop/Proyecto SD/Etapa 2/SCANER" --include_path="C:/ti/ccsv8/tools/compiler/ti-cgt-arm_18.1.1.LTS/include" --define=ccs="ccs" --define=PART_TM4C123GH6PM -g --gcc --diag_warning=225 --diag_wrap=off --display_error_number --abi=eabi --preproc_with_compile --preproc_dependency="tm4c123gh6pm_startup_ccs.d_raw"  "../tm4c123gh6pm_startup_ccs.c"
Finished building: "../tm4c123gh6pm_startup_ccs.c"
 
gmake: Target 'all' not remade because of errors.

**** Build Finished ****

**** Build of configuration Debug for project SCANER ****

"C:\\ti\\ccsv8\\utils\\bin\\gmake" -k -j 4 all -O 
 
Building file: "../main.c"
Invoking: ARM Compiler
"C:/ti/ccsv8/tools/compiler/ti-cgt-arm_18.1.1.LTS/bin/armcl" -mv7M4 --code_state=16 --float_support=FPv4SPD16 -me --include_path="C:/Users/Jorge/Desktop/Proyecto SD/Etapa 2/SCANER" --include_path="C:/ti/ccsv8/tools/compiler/ti-cgt-arm_18.1.1.LTS/include" --define=ccs="ccs" --define=PART_TM4C123GH6PM -g --gcc --diag_warning=225 --diag_wrap=off --display_error_number --abi=eabi --preproc_with_compile --preproc_dependency="main.d_raw"  "../main.c"
 
>> Compilation failure
subdir_rules.mk:9: recipe for target 'main.obj' failed
"../main.c", line 6: warning #48-D: incompatible redefinition of macro "I2C_MCS_ACK" (declared at line 3067 of "..\tm4c123gh6pm.h")
"../main.c", line 7: warning #48-D: incompatible redefinition of macro "I2C_MCS_DATACK" (declared at line 3068 of "..\tm4c123gh6pm.h")
"../main.c", line 8: warning #48-D: incompatible redefinition of macro "I2C_MCS_ADRACK" (declared at line 3069 of "..\tm4c123gh6pm.h")
"../main.c", line 9: warning #48-D: incompatible redefinition of macro "I2C_MCS_STOP" (declared at line 3070 of "..\tm4c123gh6pm.h")
"../main.c", line 10: warning #48-D: incompatible redefinition of macro "I2C_MCS_START" (declared at line 3072 of "..\tm4c123gh6pm.h")
"../main.c", line 11: warning #48-D: incompatible redefinition of macro "I2C_MCS_ERROR" (declared at line 3071 of "..\tm4c123gh6pm.h")
"../main.c", line 12: warning #48-D: incompatible redefinition of macro "I2C_MCS_RUN" (declared at line 3073 of "..\tm4c123gh6pm.h")
"../main.c", line 13: warning #48-D: incompatible redefinition of macro "I2C_MCS_BUSY" (declared at line 3074 of "..\tm4c123gh6pm.h")
"../main.c", line 14: warning #48-D: incompatible redefinition of macro "I2C_MCR_MFE" (declared at line 3135 of "..\tm4c123gh6pm.h")
"../main.c", line 79: error #142-D: unnamed prototyped parameters not allowed when body is present
"../main.c", line 81: error #20: identifier "direccion_esclavo" is undefined
"../main.c", line 82: error #66: expected a ";"
"../main.c", line 83: error #20: identifier "direccion_esclavoe" is undefined
"../main.c", line 98: warning #225-D: function "I2C_Send2" declared implicitly
"../main.c", line 112: error #20: identifier "valor1" is undefined
"../main.c", line 112: error #20: identifier "valor2" is undefined
"../main.c", line 106: warning #552-D: variable "valor_1" was set but never used
"../main.c", line 106: warning #552-D: variable "valor_2" was set but never used
"../main.c", line 119: warning #552-D: variable "gyro_x" was set but never used
"../main.c", line 119: warning #552-D: variable "gyro_y" was set but never used
"../main.c", line 119: warning #552-D: variable "gyro_z" was set but never used
6 errors detected in the compilation of "../main.c".
gmake: *** [main.obj] Error 1
gmake: Target 'all' not remade because of errors.

**** Build Finished ****

**** Build of configuration Debug for project SCANER ****

"C:\\ti\\ccsv8\\utils\\bin\\gmake" -k -j 4 all -O 
 
Building file: "../main.c"
Invoking: ARM Compiler
"C:/ti/ccsv8/tools/compiler/ti-cgt-arm_18.1.1.LTS/bin/armcl" -mv7M4 --code_state=16 --float_support=FPv4SPD16 -me --include_path="C:/Users/Jorge/Desktop/Proyecto SD/Etapa 2/SCANER" --include_path="C:/ti/ccsv8/tools/compiler/ti-cgt-arm_18.1.1.LTS/include" --define=ccs="ccs" --define=PART_TM4C123GH6PM -g --gcc --diag_warning=225 --diag_wrap=off --display_error_number --abi=eabi --preproc_with_compile --preproc_dependency="main.d_raw"  "../main.c"
 
>> Compilation failure
subdir_rules.mk:9: recipe for target 'main.obj' failed
"../main.c", line 6: warning #48-D: incompatible redefinition of macro "I2C_MCS_ACK" (declared at line 3067 of "..\tm4c123gh6pm.h")
"../main.c", line 7: warning #48-D: incompatible redefinition of macro "I2C_MCS_DATACK" (declared at line 3068 of "..\tm4c123gh6pm.h")
"../main.c", line 8: warning #48-D: incompatible redefinition of macro "I2C_MCS_ADRACK" (declared at line 3069 of "..\tm4c123gh6pm.h")
"../main.c", line 9: warning #48-D: incompatible redefinition of macro "I2C_MCS_STOP" (declared at line 3070 of "..\tm4c123gh6pm.h")
"../main.c", line 10: warning #48-D: incompatible redefinition of macro "I2C_MCS_START" (declared at line 3072 of "..\tm4c123gh6pm.h")
"../main.c", line 11: warning #48-D: incompatible redefinition of macro "I2C_MCS_ERROR" (declared at line 3071 of "..\tm4c123gh6pm.h")
"../main.c", line 12: warning #48-D: incompatible redefinition of macro "I2C_MCS_RUN" (declared at line 3073 of "..\tm4c123gh6pm.h")
"../main.c", line 13: warning #48-D: incompatible redefinition of macro "I2C_MCS_BUSY" (declared at line 3074 of "..\tm4c123gh6pm.h")
"../main.c", line 14: warning #48-D: incompatible redefinition of macro "I2C_MCR_MFE" (declared at line 3135 of "..\tm4c123gh6pm.h")
"../main.c", line 81: warning #176-D: expression has no effect
"../main.c", line 82: error #66: expected a ";"
"../main.c", line 98: warning #225-D: function "I2C_Send2" declared implicitly
"../main.c", line 112: error #20: identifier "valor1" is undefined
"../main.c", line 112: error #20: identifier "valor2" is undefined
"../main.c", line 106: warning #552-D: variable "valor_1" was set but never used
"../main.c", line 106: warning #552-D: variable "valor_2" was set but never used
"../main.c", line 119: warning #552-D: variable "gyro_x" was set but never used
"../main.c", line 119: warning #552-D: variable "gyro_y" was set but never used
"../main.c", line 119: warning #552-D: variable "gyro_z" was set but never used
3 errors detected in the compilation of "../main.c".
gmake: *** [main.obj] Error 1
gmake: Target 'all' not remade because of errors.

**** Build Finished ****

**** Build of configuration Debug for project SCANER ****

"C:\\ti\\ccsv8\\utils\\bin\\gmake" -k -j 4 all -O 
 
Building file: "../main.c"
Invoking: ARM Compiler
"C:/ti/ccsv8/tools/compiler/ti-cgt-arm_18.1.1.LTS/bin/armcl" -mv7M4 --code_state=16 --float_support=FPv4SPD16 -me --include_path="C:/Users/Jorge/Desktop/Proyecto SD/Etapa 2/SCANER" --include_path="C:/ti/ccsv8/tools/compiler/ti-cgt-arm_18.1.1.LTS/include" --define=ccs="ccs" --define=PART_TM4C123GH6PM -g --gcc --diag_warning=225 --diag_wrap=off --display_error_number --abi=eabi --preproc_with_compile --preproc_dependency="main.d_raw"  "../main.c"
 
>> Compilation failure
subdir_rules.mk:9: recipe for target 'main.obj' failed
"../main.c", line 6: warning #48-D: incompatible redefinition of macro "I2C_MCS_ACK" (declared at line 3067 of "..\tm4c123gh6pm.h")
"../main.c", line 7: warning #48-D: incompatible redefinition of macro "I2C_MCS_DATACK" (declared at line 3068 of "..\tm4c123gh6pm.h")
"../main.c", line 8: warning #48-D: incompatible redefinition of macro "I2C_MCS_ADRACK" (declared at line 3069 of "..\tm4c123gh6pm.h")
"../main.c", line 9: warning #48-D: incompatible redefinition of macro "I2C_MCS_STOP" (declared at line 3070 of "..\tm4c123gh6pm.h")
"../main.c", line 10: warning #48-D: incompatible redefinition of macro "I2C_MCS_START" (declared at line 3072 of "..\tm4c123gh6pm.h")
"../main.c", line 11: warning #48-D: incompatible redefinition of macro "I2C_MCS_ERROR" (declared at line 3071 of "..\tm4c123gh6pm.h")
"../main.c", line 12: warning #48-D: incompatible redefinition of macro "I2C_MCS_RUN" (declared at line 3073 of "..\tm4c123gh6pm.h")
"../main.c", line 13: warning #48-D: incompatible redefinition of macro "I2C_MCS_BUSY" (declared at line 3074 of "..\tm4c123gh6pm.h")
"../main.c", line 14: warning #48-D: incompatible redefinition of macro "I2C_MCR_MFE" (declared at line 3135 of "..\tm4c123gh6pm.h")
"../main.c", line 81: warning #176-D: expression has no effect
"../main.c", line 82: error #66: expected a ";"
"../main.c", line 98: warning #225-D: function "I2C_Send2" declared implicitly
"../main.c", line 119: warning #552-D: variable "gyro_x" was set but never used
"../main.c", line 119: warning #552-D: variable "gyro_y" was set but never used
"../main.c", line 119: warning #552-D: variable "gyro_z" was set but never used
1 error detected in the compilation of "../main.c".
gmake: *** [main.obj] Error 1
gmake: Target 'all' not remade because of errors.

**** Build Finished ****

**** Build of configuration Debug for project SCANER ****

"C:\\ti\\ccsv8\\utils\\bin\\gmake" -k -j 4 all -O 
 
Building file: "../main.c"
Invoking: ARM Compiler
"C:/ti/ccsv8/tools/compiler/ti-cgt-arm_18.1.1.LTS/bin/armcl" -mv7M4 --code_state=16 --float_support=FPv4SPD16 -me --include_path="C:/Users/Jorge/Desktop/Proyecto SD/Etapa 2/SCANER" --include_path="C:/ti/ccsv8/tools/compiler/ti-cgt-arm_18.1.1.LTS/include" --define=ccs="ccs" --define=PART_TM4C123GH6PM -g --gcc --diag_warning=225 --diag_wrap=off --display_error_number --abi=eabi --preproc_with_compile --preproc_dependency="main.d_raw"  "../main.c"
 
>> Compilation failure
subdir_rules.mk:9: recipe for target 'main.obj' failed
"../main.c", line 6: warning #48-D: incompatible redefinition of macro "I2C_MCS_ACK" (declared at line 3067 of "..\tm4c123gh6pm.h")
"../main.c", line 7: warning #48-D: incompatible redefinition of macro "I2C_MCS_DATACK" (declared at line 3068 of "..\tm4c123gh6pm.h")
"../main.c", line 8: warning #48-D: incompatible redefinition of macro "I2C_MCS_ADRACK" (declared at line 3069 of "..\tm4c123gh6pm.h")
"../main.c", line 9: warning #48-D: incompatible redefinition of macro "I2C_MCS_STOP" (declared at line 3070 of "..\tm4c123gh6pm.h")
"../main.c", line 10: warning #48-D: incompatible redefinition of macro "I2C_MCS_START" (declared at line 3072 of "..\tm4c123gh6pm.h")
"../main.c", line 11: warning #48-D: incompatible redefinition of macro "I2C_MCS_ERROR" (declared at line 3071 of "..\tm4c123gh6pm.h")
"../main.c", line 12: warning #48-D: incompatible redefinition of macro "I2C_MCS_RUN" (declared at line 3073 of "..\tm4c123gh6pm.h")
"../main.c", line 13: warning #48-D: incompatible redefinition of macro "I2C_MCS_BUSY" (declared at line 3074 of "..\tm4c123gh6pm.h")
"../main.c", line 14: warning #48-D: incompatible redefinition of macro "I2C_MCR_MFE" (declared at line 3135 of "..\tm4c123gh6pm.h")
"../main.c", line 81: warning #176-D: expression has no effect
"../main.c", line 82: error #66: expected a ";"
"../main.c", line 98: warning #225-D: function "I2C_Send2" declared implicitly
"../main.c", line 119: warning #552-D: variable "gyro_x" was set but never used
"../main.c", line 119: warning #552-D: variable "gyro_y" was set but never used
"../main.c", line 119: warning #552-D: variable "gyro_z" was set but never used
1 error detected in the compilation of "../main.c".
gmake: *** [main.obj] Error 1
gmake: Target 'all' not remade because of errors.

**** Build Finished ****

**** Build of configuration Debug for project SCANER ****

"C:\\ti\\ccsv8\\utils\\bin\\gmake" -k -j 4 all -O 
 
Building file: "../main.c"
Invoking: ARM Compiler
"C:/ti/ccsv8/tools/compiler/ti-cgt-arm_18.1.1.LTS/bin/armcl" -mv7M4 --code_state=16 --float_support=FPv4SPD16 -me --include_path="C:/Users/Jorge/Desktop/Proyecto SD/Etapa 2/SCANER" --include_path="C:/ti/ccsv8/tools/compiler/ti-cgt-arm_18.1.1.LTS/include" --define=ccs="ccs" --define=PART_TM4C123GH6PM -g --gcc --diag_warning=225 --diag_wrap=off --display_error_number --abi=eabi --preproc_with_compile --preproc_dependency="main.d_raw"  "../main.c"
 
>> Compilation failure
subdir_rules.mk:9: recipe for target 'main.obj' failed
"../main.c", line 81: warning #176-D: expression has no effect
"../main.c", line 82: error #66: expected a ";"
"../main.c", line 98: warning #225-D: function "I2C_Send2" declared implicitly
"../main.c", line 119: warning #552-D: variable "gyro_x" was set but never used
"../main.c", line 119: warning #552-D: variable "gyro_y" was set but never used
"../main.c", line 119: warning #552-D: variable "gyro_z" was set but never used
1 error detected in the compilation of "../main.c".
gmake: *** [main.obj] Error 1
gmake: Target 'all' not remade because of errors.

**** Build Finished ****

**** Build of configuration Debug for project SCANER ****

"C:\\ti\\ccsv8\\utils\\bin\\gmake" -k -j 4 all -O 
 
Building file: "../main.c"
Invoking: ARM Compiler
"C:/ti/ccsv8/tools/compiler/ti-cgt-arm_18.1.1.LTS/bin/armcl" -mv7M4 --code_state=16 --float_support=FPv4SPD16 -me --include_path="C:/Users/Jorge/Desktop/Proyecto SD/Etapa 2/SCANER" --include_path="C:/ti/ccsv8/tools/compiler/ti-cgt-arm_18.1.1.LTS/include" --define=ccs="ccs" --define=PART_TM4C123GH6PM -g --gcc --diag_warning=225 --diag_wrap=off --display_error_number --abi=eabi --preproc_with_compile --preproc_dependency="main.d_raw"  "../main.c"
"../main.c", line 152: warning #552-D: variable "gyro_x" was set but never used
"../main.c", line 152: warning #552-D: variable "gyro_y" was set but never used
"../main.c", line 152: warning #552-D: variable "gyro_z" was set but never used
Finished building: "../main.c"
 
Building target: "SCANER.out"
Invoking: ARM Linker
"C:/ti/ccsv8/tools/compiler/ti-cgt-arm_18.1.1.LTS/bin/armcl" -mv7M4 --code_state=16 --float_support=FPv4SPD16 -me --define=ccs="ccs" --define=PART_TM4C123GH6PM -g --gcc --diag_warning=225 --diag_wrap=off --display_error_number --abi=eabi -z -m"SCANER.map" --heap_size=0 --stack_size=512 -i"C:/ti/ccsv8/tools/compiler/ti-cgt-arm_18.1.1.LTS/lib" -i"C:/ti/ccsv8/tools/compiler/ti-cgt-arm_18.1.1.LTS/include" --reread_libs --diag_wrap=off --display_error_number --warn_sections --xml_link_info="SCANER_linkInfo.xml" --rom_model -o "SCANER.out" "./main.obj" "./tm4c123gh6pm_startup_ccs.obj" "../tm4c123gh6pm.cmd"  -llibc.a 
<Linking>
Finished building target: "SCANER.out"
 

**** Build Finished ****

**** Build of configuration Debug for project SCANER ****

"C:\\ti\\ccsv8\\utils\\bin\\gmake" -k -j 4 all -O 
 
Building file: "../main.c"
Invoking: ARM Compiler
"C:/ti/ccsv8/tools/compiler/ti-cgt-arm_18.1.1.LTS/bin/armcl" -mv7M4 --code_state=16 --float_support=FPv4SPD16 -me --include_path="C:/Users/Jorge/Desktop/Proyecto SD/Etapa 2/SCANER" --include_path="C:/ti/ccsv8/tools/compiler/ti-cgt-arm_18.1.1.LTS/include" --define=ccs="ccs" --define=PART_TM4C123GH6PM -g --gcc --diag_warning=225 --diag_wrap=off --display_error_number --abi=eabi --preproc_with_compile --preproc_dependency="main.d_raw"  "../main.c"
"../main.c", line 152: warning #552-D: variable "gyro_x" was set but never used
"../main.c", line 152: warning #552-D: variable "gyro_y" was set but never used
"../main.c", line 152: warning #552-D: variable "gyro_z" was set but never used
Finished building: "../main.c"
 
Building target: "SCANER.out"
Invoking: ARM Linker
"C:/ti/ccsv8/tools/compiler/ti-cgt-arm_18.1.1.LTS/bin/armcl" -mv7M4 --code_state=16 --float_support=FPv4SPD16 -me --define=ccs="ccs" --define=PART_TM4C123GH6PM -g --gcc --diag_warning=225 --diag_wrap=off --display_error_number --abi=eabi -z -m"SCANER.map" --heap_size=0 --stack_size=512 -i"C:/ti/ccsv8/tools/compiler/ti-cgt-arm_18.1.1.LTS/lib" -i"C:/ti/ccsv8/tools/compiler/ti-cgt-arm_18.1.1.LTS/include" --reread_libs --diag_wrap=off --display_error_number --warn_sections --xml_link_info="SCANER_linkInfo.xml" --rom_model -o "SCANER.out" "./main.obj" "./tm4c123gh6pm_startup_ccs.obj" "../tm4c123gh6pm.cmd"  -llibc.a 
<Linking>
Finished building target: "SCANER.out"
 

**** Build Finished ****

**** Build of configuration Debug for project SCANER ****

"C:\\ti\\ccsv8\\utils\\bin\\gmake" -k -j 4 all -O 
 
gmake[1]: 'SCANER.out' is up to date.

**** Build Finished ****

**** Build of configuration Debug for project SCANER ****

"C:\\ti\\ccsv8\\utils\\bin\\gmake" -k -j 4 all -O 
 
gmake[1]: 'SCANER.out' is up to date.

**** Build Finished ****

**** Build of configuration Debug for project SCANER ****

"C:\\ti\\ccsv8\\utils\\bin\\gmake" -k -j 4 all -O 
 
gmake[1]: 'SCANER.out' is up to date.

**** Build Finished ****

**** Build of configuration Debug for project SCANER ****

"C:\\ti\\ccsv8\\utils\\bin\\gmake" -k -j 4 all -O 
 
gmake[1]: 'SCANER.out' is up to date.

**** Build Finished ****

**** Build of configuration Debug for project SCANER ****

"C:\\ti\\ccsv8\\utils\\bin\\gmake" -k -j 4 all -O 
 
gmake[1]: 'SCANER.out' is up to date.

**** Build Finished ****

**** Build of configuration Debug for project SCANER ****

"C:\\ti\\ccsv8\\utils\\bin\\gmake" -k -j 4 all -O 
 
Building file: "../main.c"
Invoking: ARM Compiler
"C:/ti/ccsv8/tools/compiler/ti-cgt-arm_18.1.1.LTS/bin/armcl" -mv7M4 --code_state=16 --float_support=FPv4SPD16 -me --include_path="C:/Users/Jorge/Desktop/Proyecto SD/Etapa 2/SCANER" --include_path="C:/ti/ccsv8/tools/compiler/ti-cgt-arm_18.1.1.LTS/include" --define=ccs="ccs" --define=PART_TM4C123GH6PM -g --gcc --diag_warning=225 --diag_wrap=off --display_error_number --abi=eabi --preproc_with_compile --preproc_dependency="main.d_raw"  "../main.c"
"../main.c", line 152: warning #552-D: variable "gyro_x" was set but never used
"../main.c", line 152: warning #552-D: variable "gyro_y" was set but never used
"../main.c", line 152: warning #552-D: variable "gyro_z" was set but never used
Finished building: "../main.c"
 
Building target: "SCANER.out"
Invoking: ARM Linker
"C:/ti/ccsv8/tools/compiler/ti-cgt-arm_18.1.1.LTS/bin/armcl" -mv7M4 --code_state=16 --float_support=FPv4SPD16 -me --define=ccs="ccs" --define=PART_TM4C123GH6PM -g --gcc --diag_warning=225 --diag_wrap=off --display_error_number --abi=eabi -z -m"SCANER.map" --heap_size=0 --stack_size=512 -i"C:/ti/ccsv8/tools/compiler/ti-cgt-arm_18.1.1.LTS/lib" -i"C:/ti/ccsv8/tools/compiler/ti-cgt-arm_18.1.1.LTS/include" --reread_libs --diag_wrap=off --display_error_number --warn_sections --xml_link_info="SCANER_linkInfo.xml" --rom_model -o "SCANER.out" "./main.obj" "./tm4c123gh6pm_startup_ccs.obj" "../tm4c123gh6pm.cmd"  -llibc.a 
<Linking>
Finished building target: "SCANER.out"
 

**** Build Finished ****

**** Build of configuration Debug for project SCANER ****

"C:\\ti\\ccsv8\\utils\\bin\\gmake" -k -j 4 all -O 
 
gmake[1]: 'SCANER.out' is up to date.

**** Build Finished ****

**** Build of configuration Debug for project SCANER ****

"C:\\ti\\ccsv8\\utils\\bin\\gmake" -k -j 4 all -O 
 
gmake[1]: 'SCANER.out' is up to date.

**** Build Finished ****

**** Build of configuration Debug for project SCANER ****

"C:\\ti\\ccsv8\\utils\\bin\\gmake" -k -j 4 all -O 
 
gmake[1]: 'SCANER.out' is up to date.

**** Build Finished ****

**** Build of configuration Debug for project SCANER ****

"C:\\ti\\ccsv8\\utils\\bin\\gmake" -k -j 4 all -O 
 
gmake[1]: 'SCANER.out' is up to date.

**** Build Finished ****

**** Build of configuration Debug for project SCANER ****

"C:\\ti\\ccsv8\\utils\\bin\\gmake" -k -j 4 all -O 
 
gmake[1]: 'SCANER.out' is up to date.

**** Build Finished ****

**** Build of configuration Debug for project SCANER ****

"C:\\ti\\ccsv8\\utils\\bin\\gmake" -k -j 4 all -O 
 
gmake[1]: 'SCANER.out' is up to date.

**** Build Finished ****

**** Build of configuration Debug for project SCANER ****

"C:\\ti\\ccsv8\\utils\\bin\\gmake" -k -j 4 all -O 
 
gmake[1]: 'SCANER.out' is up to date.

**** Build Finished ****

**** Build of configuration Debug for project SCANER ****

"C:\\ti\\ccsv8\\utils\\bin\\gmake" -k -j 4 all -O 
 
gmake[1]: 'SCANER.out' is up to date.

**** Build Finished ****

**** Build of configuration Debug for project SCANER ****

"C:\\ti\\ccsv8\\utils\\bin\\gmake" -k -j 4 all -O 
 
gmake[1]: 'SCANER.out' is up to date.

**** Build Finished ****

**** Build of configuration Debug for project SCANER ****

"C:\\ti\\ccsv8\\utils\\bin\\gmake" -k -j 4 all -O 
 
gmake[1]: 'SCANER.out' is up to date.

**** Build Finished ****

**** Build of configuration Debug for project SCANER ****

"C:\\ti\\ccsv8\\utils\\bin\\gmake" -k -j 4 all -O 
 
gmake[1]: 'SCANER.out' is up to date.

**** Build Finished ****

**** Build of configuration Debug for project SCANER ****

"C:\\ti\\ccsv8\\utils\\bin\\gmake" -k -j 4 all -O 
 
gmake[1]: 'SCANER.out' is up to date.

**** Build Finished ****

**** Build of configuration Debug for project SCANER ****

"C:\\ti\\ccsv8\\utils\\bin\\gmake" -k -j 4 all -O 
 
gmake[1]: 'SCANER.out' is up to date.

**** Build Finished ****

**** Build of configuration Debug for project SCANER ****

"C:\\ti\\ccsv8\\utils\\bin\\gmake" -k -j 4 all -O 
 
gmake[1]: 'SCANER.out' is up to date.

**** Build Finished ****

**** Build of configuration Debug for project SCANER ****

"C:\\ti\\ccsv8\\utils\\bin\\gmake" -k -j 4 all -O 
 
Building file: "../main.c"
Invoking: ARM Compiler
"C:/ti/ccsv8/tools/compiler/ti-cgt-arm_18.1.1.LTS/bin/armcl" -mv7M4 --code_state=16 --float_support=FPv4SPD16 -me --include_path="C:/Users/Jorge/Desktop/Proyecto SD/Etapa 2/SCANER" --include_path="C:/ti/ccsv8/tools/compiler/ti-cgt-arm_18.1.1.LTS/include" --define=ccs="ccs" --define=PART_TM4C123GH6PM -g --gcc --diag_warning=225 --diag_wrap=off --display_error_number --abi=eabi --preproc_with_compile --preproc_dependency="main.d_raw"  "../main.c"
"../main.c", line 139: warning #552-D: variable "error" was set but never used
"../main.c", line 152: warning #552-D: variable "gyro_x" was set but never used
"../main.c", line 152: warning #552-D: variable "gyro_y" was set but never used
"../main.c", line 152: warning #552-D: variable "gyro_z" was set but never used
Finished building: "../main.c"
 
Building target: "SCANER.out"
Invoking: ARM Linker
"C:/ti/ccsv8/tools/compiler/ti-cgt-arm_18.1.1.LTS/bin/armcl" -mv7M4 --code_state=16 --float_support=FPv4SPD16 -me --define=ccs="ccs" --define=PART_TM4C123GH6PM -g --gcc --diag_warning=225 --diag_wrap=off --display_error_number --abi=eabi -z -m"SCANER.map" --heap_size=0 --stack_size=512 -i"C:/ti/ccsv8/tools/compiler/ti-cgt-arm_18.1.1.LTS/lib" -i"C:/ti/ccsv8/tools/compiler/ti-cgt-arm_18.1.1.LTS/include" --reread_libs --diag_wrap=off --display_error_number --warn_sections --xml_link_info="SCANER_linkInfo.xml" --rom_model -o "SCANER.out" "./main.obj" "./tm4c123gh6pm_startup_ccs.obj" "../tm4c123gh6pm.cmd"  -llibc.a 
<Linking>
Finished building target: "SCANER.out"
 

**** Build Finished ****

**** Build of configuration Debug for project SCANER ****

"C:\\ti\\ccsv8\\utils\\bin\\gmake" -k -j 4 all -O 
 
gmake[1]: 'SCANER.out' is up to date.

**** Build Finished ****

**** Build of configuration Debug for project SCANER ****

"C:\\ti\\ccsv8\\utils\\bin\\gmake" -k -j 4 all -O 
 
Building file: "../main.c"
Invoking: ARM Compiler
"C:/ti/ccsv8/tools/compiler/ti-cgt-arm_18.1.1.LTS/bin/armcl" -mv7M4 --code_state=16 --float_support=FPv4SPD16 -me --include_path="C:/Users/Jorge/Desktop/Proyecto SD/Etapa 2/SCANER" --include_path="C:/ti/ccsv8/tools/compiler/ti-cgt-arm_18.1.1.LTS/include" --define=ccs="ccs" --define=PART_TM4C123GH6PM -g --gcc --diag_warning=225 --diag_wrap=off --display_error_number --abi=eabi --preproc_with_compile --preproc_dependency="main.d_raw"  "../main.c"
"../main.c", line 139: warning #552-D: variable "error" was set but never used
"../main.c", line 152: warning #552-D: variable "gyro_x" was set but never used
"../main.c", line 152: warning #552-D: variable "gyro_y" was set but never used
"../main.c", line 152: warning #552-D: variable "gyro_z" was set but never used
Finished building: "../main.c"
 
Building target: "SCANER.out"
Invoking: ARM Linker
"C:/ti/ccsv8/tools/compiler/ti-cgt-arm_18.1.1.LTS/bin/armcl" -mv7M4 --code_state=16 --float_support=FPv4SPD16 -me --define=ccs="ccs" --define=PART_TM4C123GH6PM -g --gcc --diag_warning=225 --diag_wrap=off --display_error_number --abi=eabi -z -m"SCANER.map" --heap_size=0 --stack_size=512 -i"C:/ti/ccsv8/tools/compiler/ti-cgt-arm_18.1.1.LTS/lib" -i"C:/ti/ccsv8/tools/compiler/ti-cgt-arm_18.1.1.LTS/include" --reread_libs --diag_wrap=off --display_error_number --warn_sections --xml_link_info="SCANER_linkInfo.xml" --rom_model -o "SCANER.out" "./main.obj" "./tm4c123gh6pm_startup_ccs.obj" "../tm4c123gh6pm.cmd"  -llibc.a 
<Linking>
Finished building target: "SCANER.out"
 

**** Build Finished ****

**** Build of configuration Debug for project SCANER ****

"C:\\ti\\ccsv8\\utils\\bin\\gmake" -k -j 4 all -O 
 
gmake[1]: 'SCANER.out' is up to date.

**** Build Finished ****

**** Build of configuration Debug for project SCANER ****

"C:\\ti\\ccsv8\\utils\\bin\\gmake" -k -j 4 all -O 
 
gmake[1]: 'SCANER.out' is up to date.

**** Build Finished ****

**** Build of configuration Debug for project SCANER ****

"C:\\ti\\ccsv8\\utils\\bin\\gmake" -k -j 4 all -O 
 
gmake[1]: 'SCANER.out' is up to date.

**** Build Finished ****

**** Build of configuration Debug for project SCANER ****

"C:\\ti\\ccsv8\\utils\\bin\\gmake" -k -j 4 all -O 
 
gmake[1]: 'SCANER.out' is up to date.

**** Build Finished ****

**** Build of configuration Debug for project SCANER ****

"C:\\ti\\ccsv8\\utils\\bin\\gmake" -k -j 4 all -O 
 
Building file: "../main.c"
Invoking: ARM Compiler
"C:/ti/ccsv8/tools/compiler/ti-cgt-arm_18.1.1.LTS/bin/armcl" -mv7M4 --code_state=16 --float_support=FPv4SPD16 -me --include_path="C:/Users/Jorge/Desktop/Proyecto SD/Etapa 2/SCANER" --include_path="C:/ti/ccsv8/tools/compiler/ti-cgt-arm_18.1.1.LTS/include" --define=ccs="ccs" --define=PART_TM4C123GH6PM -g --gcc --diag_warning=225 --diag_wrap=off --display_error_number --abi=eabi --preproc_with_compile --preproc_dependency="main.d_raw"  "../main.c"
"../main.c", line 139: warning #552-D: variable "error" was set but never used
"../main.c", line 152: warning #552-D: variable "gyro_x" was set but never used
"../main.c", line 152: warning #552-D: variable "gyro_y" was set but never used
"../main.c", line 152: warning #552-D: variable "gyro_z" was set but never used
Finished building: "../main.c"
 
Building target: "SCANER.out"
Invoking: ARM Linker
"C:/ti/ccsv8/tools/compiler/ti-cgt-arm_18.1.1.LTS/bin/armcl" -mv7M4 --code_state=16 --float_support=FPv4SPD16 -me --define=ccs="ccs" --define=PART_TM4C123GH6PM -g --gcc --diag_warning=225 --diag_wrap=off --display_error_number --abi=eabi -z -m"SCANER.map" --heap_size=0 --stack_size=512 -i"C:/ti/ccsv8/tools/compiler/ti-cgt-arm_18.1.1.LTS/lib" -i"C:/ti/ccsv8/tools/compiler/ti-cgt-arm_18.1.1.LTS/include" --reread_libs --diag_wrap=off --display_error_number --warn_sections --xml_link_info="SCANER_linkInfo.xml" --rom_model -o "SCANER.out" "./main.obj" "./tm4c123gh6pm_startup_ccs.obj" "../tm4c123gh6pm.cmd"  -llibc.a 
<Linking>
Finished building target: "SCANER.out"
 

**** Build Finished ****

**** Build of configuration Debug for project SCANER ****

"C:\\ti\\ccsv8\\utils\\bin\\gmake" -k -j 4 all -O 
 
gmake[1]: 'SCANER.out' is up to date.

**** Build Finished ****

**** Build of configuration Debug for project SCANER ****

"C:\\ti\\ccsv8\\utils\\bin\\gmake" -k -j 4 all -O 
 
gmake[1]: 'SCANER.out' is up to date.

**** Build Finished ****

**** Build of configuration Debug for project SCANER ****

"C:\\ti\\ccsv8\\utils\\bin\\gmake" -k -j 4 all -O 
 
gmake[1]: 'SCANER.out' is up to date.

**** Build Finished ****

**** Build of configuration Debug for project SCANER ****

"C:\\ti\\ccsv8\\utils\\bin\\gmake" -k -j 4 all -O 
 
gmake[1]: 'SCANER.out' is up to date.

**** Build Finished ****

**** Build of configuration Debug for project SCANER ****

"C:\\ti\\ccsv8\\utils\\bin\\gmake" -k -j 4 all -O 
 
gmake[1]: 'SCANER.out' is up to date.

**** Build Finished ****

**** Build of configuration Debug for project SCANER ****

"C:\\ti\\ccsv8\\utils\\bin\\gmake" -k -j 4 all -O 
 
gmake[1]: 'SCANER.out' is up to date.

**** Build Finished ****

**** Build of configuration Debug for project SCANER ****

"C:\\ti\\ccsv8\\utils\\bin\\gmake" -k -j 4 all -O 
 
Building file: "../main.c"
Invoking: ARM Compiler
"C:/ti/ccsv8/tools/compiler/ti-cgt-arm_18.1.1.LTS/bin/armcl" -mv7M4 --code_state=16 --float_support=FPv4SPD16 -me --include_path="C:/Users/Jorge/Desktop/Proyecto SD/Etapa 2/SCANER" --include_path="C:/ti/ccsv8/tools/compiler/ti-cgt-arm_18.1.1.LTS/include" --define=ccs="ccs" --define=PART_TM4C123GH6PM -g --gcc --diag_warning=225 --diag_wrap=off --display_error_number --abi=eabi --preproc_with_compile --preproc_dependency="main.d_raw"  "../main.c"
Finished building: "../main.c"
 
Building target: "SCANER.out"
Invoking: ARM Linker
"C:/ti/ccsv8/tools/compiler/ti-cgt-arm_18.1.1.LTS/bin/armcl" -mv7M4 --code_state=16 --float_support=FPv4SPD16 -me --define=ccs="ccs" --define=PART_TM4C123GH6PM -g --gcc --diag_warning=225 --diag_wrap=off --display_error_number --abi=eabi -z -m"SCANER.map" --heap_size=0 --stack_size=512 -i"C:/ti/ccsv8/tools/compiler/ti-cgt-arm_18.1.1.LTS/lib" -i"C:/ti/ccsv8/tools/compiler/ti-cgt-arm_18.1.1.LTS/include" --reread_libs --diag_wrap=off --display_error_number --warn_sections --xml_link_info="SCANER_linkInfo.xml" --rom_model -o "SCANER.out" "./main.obj" "./tm4c123gh6pm_startup_ccs.obj" "../tm4c123gh6pm.cmd"  -llibc.a 
<Linking>
"../main.c", line 139: warning #552-D: variable "error" was set but never used
"../main.c", line 152: warning #552-D: variable "gyro_x" was set but never used
"../main.c", line 152: warning #552-D: variable "gyro_y" was set but never used
"../main.c", line 152: warning #552-D: variable "gyro_z" was set but never used
Finished building target: "SCANER.out"
 

**** Build Finished ****

**** Build of configuration Debug for project SCANER ****

"C:\\ti\\ccsv8\\utils\\bin\\gmake" -k -j 4 all -O 
 
gmake[1]: 'SCANER.out' is up to date.

**** Build Finished ****

**** Build of configuration Debug for project SCANER ****

"C:\\ti\\ccsv8\\utils\\bin\\gmake" -k -j 4 all -O 
 
Building file: "../main.c"
Invoking: ARM Compiler
"C:/ti/ccsv8/tools/compiler/ti-cgt-arm_18.1.1.LTS/bin/armcl" -mv7M4 --code_state=16 --float_support=FPv4SPD16 -me --include_path="C:/Users/Jorge/Desktop/Proyecto SD/Etapa 2/SCANER" --include_path="C:/ti/ccsv8/tools/compiler/ti-cgt-arm_18.1.1.LTS/include" --define=ccs="ccs" --define=PART_TM4C123GH6PM -g --gcc --diag_warning=225 --diag_wrap=off --display_error_number --abi=eabi --preproc_with_compile --preproc_dependency="main.d_raw"  "../main.c"
"../main.c", line 139: warning #552-D: variable "error" was set but never used
"../main.c", line 152: warning #552-D: variable "gyro_x" was set but never used
"../main.c", line 152: warning #552-D: variable "gyro_y" was set but never used
"../main.c", line 152: warning #552-D: variable "gyro_z" was set but never used
Finished building: "../main.c"
 
Building target: "SCANER.out"
Invoking: ARM Linker
"C:/ti/ccsv8/tools/compiler/ti-cgt-arm_18.1.1.LTS/bin/armcl" -mv7M4 --code_state=16 --float_support=FPv4SPD16 -me --define=ccs="ccs" --define=PART_TM4C123GH6PM -g --gcc --diag_warning=225 --diag_wrap=off --display_error_number --abi=eabi -z -m"SCANER.map" --heap_size=0 --stack_size=512 -i"C:/ti/ccsv8/tools/compiler/ti-cgt-arm_18.1.1.LTS/lib" -i"C:/ti/ccsv8/tools/compiler/ti-cgt-arm_18.1.1.LTS/include" --reread_libs --diag_wrap=off --display_error_number --warn_sections --xml_link_info="SCANER_linkInfo.xml" --rom_model -o "SCANER.out" "./main.obj" "./tm4c123gh6pm_startup_ccs.obj" "../tm4c123gh6pm.cmd"  -llibc.a 
<Linking>
Finished building target: "SCANER.out"
 

**** Build Finished ****

**** Build of configuration Debug for project SCANER ****

"C:\\ti\\ccsv8\\utils\\bin\\gmake" -k -j 4 all -O 
 
gmake[1]: 'SCANER.out' is up to date.

**** Build Finished ****

**** Build of configuration Debug for project SCANER ****

"C:\\ti\\ccsv8\\utils\\bin\\gmake" -k -j 4 all -O 
 
Building file: "../main.c"
Invoking: ARM Compiler
"C:/ti/ccsv8/tools/compiler/ti-cgt-arm_18.1.1.LTS/bin/armcl" -mv7M4 --code_state=16 --float_support=FPv4SPD16 -me --include_path="C:/Users/Jorge/Desktop/Proyecto SD/Etapa 2/SCANER" --include_path="C:/ti/ccsv8/tools/compiler/ti-cgt-arm_18.1.1.LTS/include" --define=ccs="ccs" --define=PART_TM4C123GH6PM -g --gcc --diag_warning=225 --diag_wrap=off --display_error_number --abi=eabi --preproc_with_compile --preproc_dependency="main.d_raw"  "../main.c"
"../main.c", line 139: warning #552-D: variable "error" was set but never used
"../main.c", line 152: warning #552-D: variable "gyro_x" was set but never used
"../main.c", line 152: warning #552-D: variable "gyro_y" was set but never used
"../main.c", line 152: warning #552-D: variable "gyro_z" was set but never used
Finished building: "../main.c"
 
Building target: "SCANER.out"
Invoking: ARM Linker
"C:/ti/ccsv8/tools/compiler/ti-cgt-arm_18.1.1.LTS/bin/armcl" -mv7M4 --code_state=16 --float_support=FPv4SPD16 -me --define=ccs="ccs" --define=PART_TM4C123GH6PM -g --gcc --diag_warning=225 --diag_wrap=off --display_error_number --abi=eabi -z -m"SCANER.map" --heap_size=0 --stack_size=512 -i"C:/ti/ccsv8/tools/compiler/ti-cgt-arm_18.1.1.LTS/lib" -i"C:/ti/ccsv8/tools/compiler/ti-cgt-arm_18.1.1.LTS/include" --reread_libs --diag_wrap=off --display_error_number --warn_sections --xml_link_info="SCANER_linkInfo.xml" --rom_model -o "SCANER.out" "./main.obj" "./tm4c123gh6pm_startup_ccs.obj" "../tm4c123gh6pm.cmd"  -llibc.a 
<Linking>
Finished building target: "SCANER.out"
 

**** Build Finished ****

**** Build of configuration Debug for project SCANER ****

"C:\\ti\\ccsv8\\utils\\bin\\gmake" -k -j 4 all -O 
 
gmake[1]: 'SCANER.out' is up to date.

**** Build Finished ****

**** Build of configuration Debug for project SCANER ****

"C:\\ti\\ccsv8\\utils\\bin\\gmake" -k -j 4 all -O 
 
Building file: "../main.c"
Invoking: ARM Compiler
"C:/ti/ccsv8/tools/compiler/ti-cgt-arm_18.1.1.LTS/bin/armcl" -mv7M4 --code_state=16 --float_support=FPv4SPD16 -me --include_path="C:/Users/Jorge/Desktop/Proyecto SD/Etapa 2/SCANER" --include_path="C:/ti/ccsv8/tools/compiler/ti-cgt-arm_18.1.1.LTS/include" --define=ccs="ccs" --define=PART_TM4C123GH6PM -g --gcc --diag_warning=225 --diag_wrap=off --display_error_number --abi=eabi --preproc_with_compile --preproc_dependency="main.d_raw"  "../main.c"
"../main.c", line 139: warning #552-D: variable "error" was set but never used
"../main.c", line 152: warning #552-D: variable "gyro_x" was set but never used
"../main.c", line 152: warning #552-D: variable "gyro_y" was set but never used
"../main.c", line 152: warning #552-D: variable "gyro_z" was set but never used
Finished building: "../main.c"
 
Building target: "SCANER.out"
Invoking: ARM Linker
"C:/ti/ccsv8/tools/compiler/ti-cgt-arm_18.1.1.LTS/bin/armcl" -mv7M4 --code_state=16 --float_support=FPv4SPD16 -me --define=ccs="ccs" --define=PART_TM4C123GH6PM -g --gcc --diag_warning=225 --diag_wrap=off --display_error_number --abi=eabi -z -m"SCANER.map" --heap_size=0 --stack_size=512 -i"C:/ti/ccsv8/tools/compiler/ti-cgt-arm_18.1.1.LTS/lib" -i"C:/ti/ccsv8/tools/compiler/ti-cgt-arm_18.1.1.LTS/include" --reread_libs --diag_wrap=off --display_error_number --warn_sections --xml_link_info="SCANER_linkInfo.xml" --rom_model -o "SCANER.out" "./main.obj" "./tm4c123gh6pm_startup_ccs.obj" "../tm4c123gh6pm.cmd"  -llibc.a 
<Linking>
Finished building target: "SCANER.out"
 

**** Build Finished ****

**** Build of configuration Debug for project SCANER ****

"C:\\ti\\ccsv8\\utils\\bin\\gmake" -k -j 4 all -O 
 
gmake[1]: 'SCANER.out' is up to date.

**** Build Finished ****

**** Build of configuration Debug for project SCANER ****

"C:\\ti\\ccsv8\\utils\\bin\\gmake" -k -j 4 all -O 
 
Building file: "../main.c"
Invoking: ARM Compiler
"C:/ti/ccsv8/tools/compiler/ti-cgt-arm_18.1.1.LTS/bin/armcl" -mv7M4 --code_state=16 --float_support=FPv4SPD16 -me --include_path="C:/Users/Jorge/Desktop/Proyecto SD/Etapa 2/SCANER" --include_path="C:/ti/ccsv8/tools/compiler/ti-cgt-arm_18.1.1.LTS/include" --define=ccs="ccs" --define=PART_TM4C123GH6PM -g --gcc --diag_warning=225 --diag_wrap=off --display_error_number --abi=eabi --preproc_with_compile --preproc_dependency="main.d_raw"  "../main.c"
"../main.c", line 139: warning #552-D: variable "error" was set but never used
"../main.c", line 152: warning #552-D: variable "acel_z" was set but never used
"../main.c", line 152: warning #552-D: variable "gyro_x" was set but never used
"../main.c", line 152: warning #552-D: variable "gyro_y" was set but never used
"../main.c", line 152: warning #552-D: variable "gyro_z" was set but never used
Finished building: "../main.c"
 
Building target: "SCANER.out"
Invoking: ARM Linker
"C:/ti/ccsv8/tools/compiler/ti-cgt-arm_18.1.1.LTS/bin/armcl" -mv7M4 --code_state=16 --float_support=FPv4SPD16 -me --define=ccs="ccs" --define=PART_TM4C123GH6PM -g --gcc --diag_warning=225 --diag_wrap=off --display_error_number --abi=eabi -z -m"SCANER.map" --heap_size=0 --stack_size=512 -i"C:/ti/ccsv8/tools/compiler/ti-cgt-arm_18.1.1.LTS/lib" -i"C:/ti/ccsv8/tools/compiler/ti-cgt-arm_18.1.1.LTS/include" --reread_libs --diag_wrap=off --display_error_number --warn_sections --xml_link_info="SCANER_linkInfo.xml" --rom_model -o "SCANER.out" "./main.obj" "./tm4c123gh6pm_startup_ccs.obj" "../tm4c123gh6pm.cmd"  -llibc.a 
<Linking>
Finished building target: "SCANER.out"
 

**** Build Finished ****

**** Build of configuration Debug for project SCANER ****

"C:\\ti\\ccsv8\\utils\\bin\\gmake" -k -j 4 all -O 
 
gmake[1]: 'SCANER.out' is up to date.

**** Build Finished ****

**** Build of configuration Debug for project SCANER ****

"C:\\ti\\ccsv8\\utils\\bin\\gmake" -k -j 4 all -O 
 
Building file: "../main.c"
Invoking: ARM Compiler
"C:/ti/ccsv8/tools/compiler/ti-cgt-arm_18.1.1.LTS/bin/armcl" -mv7M4 --code_state=16 --float_support=FPv4SPD16 -me --include_path="C:/Users/Jorge/Desktop/Proyecto SD/Etapa 2/SCANER" --include_path="C:/ti/ccsv8/tools/compiler/ti-cgt-arm_18.1.1.LTS/include" --define=ccs="ccs" --define=PART_TM4C123GH6PM -g --gcc --diag_warning=225 --diag_wrap=off --display_error_number --abi=eabi --preproc_with_compile --preproc_dependency="main.d_raw"  "../main.c"
"../main.c", line 139: warning #552-D: variable "error" was set but never used
"../main.c", line 152: warning #552-D: variable "acel_z" was set but never used
"../main.c", line 152: warning #552-D: variable "gyro_x" was set but never used
"../main.c", line 152: warning #552-D: variable "gyro_y" was set but never used
"../main.c", line 152: warning #552-D: variable "gyro_z" was set but never used
Finished building: "../main.c"
 
Building target: "SCANER.out"
Invoking: ARM Linker
"C:/ti/ccsv8/tools/compiler/ti-cgt-arm_18.1.1.LTS/bin/armcl" -mv7M4 --code_state=16 --float_support=FPv4SPD16 -me --define=ccs="ccs" --define=PART_TM4C123GH6PM -g --gcc --diag_warning=225 --diag_wrap=off --display_error_number --abi=eabi -z -m"SCANER.map" --heap_size=0 --stack_size=512 -i"C:/ti/ccsv8/tools/compiler/ti-cgt-arm_18.1.1.LTS/lib" -i"C:/ti/ccsv8/tools/compiler/ti-cgt-arm_18.1.1.LTS/include" --reread_libs --diag_wrap=off --display_error_number --warn_sections --xml_link_info="SCANER_linkInfo.xml" --rom_model -o "SCANER.out" "./main.obj" "./tm4c123gh6pm_startup_ccs.obj" "../tm4c123gh6pm.cmd"  -llibc.a 
<Linking>
Finished building target: "SCANER.out"
 

**** Build Finished ****

**** Build of configuration Debug for project SCANER ****

"C:\\ti\\ccsv8\\utils\\bin\\gmake" -k -j 4 all -O 
 
gmake[1]: 'SCANER.out' is up to date.

**** Build Finished ****

**** Build of configuration Debug for project SCANER ****

"C:\\ti\\ccsv8\\utils\\bin\\gmake" -k -j 4 all -O 
 
Building file: "../main.c"
Invoking: ARM Compiler
"C:/ti/ccsv8/tools/compiler/ti-cgt-arm_18.1.1.LTS/bin/armcl" -mv7M4 --code_state=16 --float_support=FPv4SPD16 -me --include_path="C:/Users/Jorge/Desktop/Proyecto SD/Etapa 2/SCANER" --include_path="C:/ti/ccsv8/tools/compiler/ti-cgt-arm_18.1.1.LTS/include" --define=ccs="ccs" --define=PART_TM4C123GH6PM -g --gcc --diag_warning=225 --diag_wrap=off --display_error_number --abi=eabi --preproc_with_compile --preproc_dependency="main.d_raw"  "../main.c"
 
>> Compilation failure
subdir_rules.mk:9: recipe for target 'main.obj' failed
"../main.c", line 142: warning #552-D: variable "error" was set but never used
"../main.c", line 152: error #20: identifier "medici\u00f3n" is undefined
"../main.c", line 152: error #20: identifier "rango" is undefined
"../main.c", line 152: error #101: duplicate parameter name
"../main.c", line 154: error #20: identifier "rango" is undefined
"../main.c", line 154: error #20: identifier "medici\u00f3n" is undefined
"../main.c", line 161: warning #552-D: variable "gyro_x" was set but never used
"../main.c", line 161: warning #552-D: variable "gyro_y" was set but never used
5 errors detected in the compilation of "../main.c".
gmake: *** [main.obj] Error 1
gmake: Target 'all' not remade because of errors.

**** Build Finished ****

**** Build of configuration Debug for project SCANER ****

"C:\\ti\\ccsv8\\utils\\bin\\gmake" -k -j 4 all -O 
 
Building file: "../main.c"
Invoking: ARM Compiler
"C:/ti/ccsv8/tools/compiler/ti-cgt-arm_18.1.1.LTS/bin/armcl" -mv7M4 --code_state=16 --float_support=FPv4SPD16 -me --include_path="C:/Users/Jorge/Desktop/Proyecto SD/Etapa 2/SCANER" --include_path="C:/ti/ccsv8/tools/compiler/ti-cgt-arm_18.1.1.LTS/include" --define=ccs="ccs" --define=PART_TM4C123GH6PM -g --gcc --diag_warning=225 --diag_wrap=off --display_error_number --abi=eabi --preproc_with_compile --preproc_dependency="main.d_raw"  "../main.c"
 
>> Compilation failure
subdir_rules.mk:9: recipe for target 'main.obj' failed
"../main.c", line 142: warning #552-D: variable "error" was set but never used
"../main.c", line 152: error #20: identifier "medici\u00f3n" is undefined
"../main.c", line 152: error #20: identifier "rango" is undefined
"../main.c", line 152: error #101: duplicate parameter name
"../main.c", line 154: error #20: identifier "rango" is undefined
"../main.c", line 154: error #20: identifier "medici\u00f3n" is undefined
"../main.c", line 161: warning #552-D: variable "gyro_x" was set but never used
"../main.c", line 161: warning #552-D: variable "gyro_y" was set but never used
5 errors detected in the compilation of "../main.c".
gmake: *** [main.obj] Error 1
gmake: Target 'all' not remade because of errors.

**** Build Finished ****

**** Build of configuration Debug for project SCANER ****

"C:\\ti\\ccsv8\\utils\\bin\\gmake" -k -j 4 all -O 
 
Building file: "../main.c"
Invoking: ARM Compiler
"C:/ti/ccsv8/tools/compiler/ti-cgt-arm_18.1.1.LTS/bin/armcl" -mv7M4 --code_state=16 --float_support=FPv4SPD16 -me --include_path="C:/Users/Jorge/Desktop/Proyecto SD/Etapa 2/SCANER" --include_path="C:/ti/ccsv8/tools/compiler/ti-cgt-arm_18.1.1.LTS/include" --define=ccs="ccs" --define=PART_TM4C123GH6PM -g --gcc --diag_warning=225 --diag_wrap=off --display_error_number --abi=eabi --preproc_with_compile --preproc_dependency="main.d_raw"  "../main.c"
 
>> Compilation failure
subdir_rules.mk:9: recipe for target 'main.obj' failed
"../main.c", line 142: warning #552-D: variable "error" was set but never used
"../main.c", line 152: error #20: identifier "medici\u00f3n" is undefined
"../main.c", line 152: error #20: identifier "rango" is undefined
"../main.c", line 152: error #101: duplicate parameter name
"../main.c", line 154: error #20: identifier "rango" is undefined
"../main.c", line 154: error #20: identifier "medici\u00f3n" is undefined
"../main.c", line 162: error #41: expected an identifier
"../main.c", line 162: warning #552-D: variable "gyro_x" was set but never used
"../main.c", line 162: warning #552-D: variable "gyro_y" was set but never used
6 errors detected in the compilation of "../main.c".
gmake: *** [main.obj] Error 1
gmake: Target 'all' not remade because of errors.

**** Build Finished ****

**** Build of configuration Debug for project SCANER ****

"C:\\ti\\ccsv8\\utils\\bin\\gmake" -k -j 4 all -O 
 
Building file: "../main.c"
Invoking: ARM Compiler
"C:/ti/ccsv8/tools/compiler/ti-cgt-arm_18.1.1.LTS/bin/armcl" -mv7M4 --code_state=16 --float_support=FPv4SPD16 -me --include_path="C:/Users/Jorge/Desktop/Proyecto SD/Etapa 2/SCANER" --include_path="C:/ti/ccsv8/tools/compiler/ti-cgt-arm_18.1.1.LTS/include" --define=ccs="ccs" --define=PART_TM4C123GH6PM -g --gcc --diag_warning=225 --diag_wrap=off --display_error_number --abi=eabi --preproc_with_compile --preproc_dependency="main.d_raw"  "../main.c"
 
>> Compilation failure
subdir_rules.mk:9: recipe for target 'main.obj' failed
"../main.c", line 142: warning #552-D: variable "error" was set but never used
"../main.c", line 152: error #20: identifier "medici\u00f3n" is undefined
"../main.c", line 152: error #20: identifier "rango" is undefined
"../main.c", line 152: error #101: duplicate parameter name
"../main.c", line 154: error #20: identifier "rango" is undefined
"../main.c", line 154: error #20: identifier "medici\u00f3n" is undefined
"../main.c", line 162: error #41: expected an identifier
"../main.c", line 162: warning #552-D: variable "gyro_x" was set but never used
"../main.c", line 162: warning #552-D: variable "gyro_y" was set but never used
6 errors detected in the compilation of "../main.c".
gmake: *** [main.obj] Error 1
gmake: Target 'all' not remade because of errors.

**** Build Finished ****

**** Build of configuration Debug for project SCANER ****

"C:\\ti\\ccsv8\\utils\\bin\\gmake" -k -j 4 all -O 
 
Building file: "../main.c"
Invoking: ARM Compiler
"C:/ti/ccsv8/tools/compiler/ti-cgt-arm_18.1.1.LTS/bin/armcl" -mv7M4 --code_state=16 --float_support=FPv4SPD16 -me --include_path="C:/Users/Jorge/Desktop/Proyecto SD/Etapa 2/SCANER" --include_path="C:/ti/ccsv8/tools/compiler/ti-cgt-arm_18.1.1.LTS/include" --define=ccs="ccs" --define=PART_TM4C123GH6PM -g --gcc --diag_warning=225 --diag_wrap=off --display_error_number --abi=eabi --preproc_with_compile --preproc_dependency="main.d_raw"  "../main.c"
 
>> Compilation failure
subdir_rules.mk:9: recipe for target 'main.obj' failed
"../main.c", line 142: warning #552-D: variable "error" was set but never used
"../main.c", line 152: error #20: identifier "float32_t" is undefined
"../main.c", line 152: error #20: identifier "medici\u00f3n" is undefined
"../main.c", line 152: error #20: identifier "rango" is undefined
"../main.c", line 152: error #101: duplicate parameter name
"../main.c", line 153: error #20: identifier "float32_t" is undefined
"../main.c", line 154: error #20: identifier "rango" is undefined
"../main.c", line 154: error #20: identifier "medici\u00f3n" is undefined
"../main.c", line 162: error #20: identifier "float32_t" is undefined
"../main.c", line 162: error #41: expected an identifier
9 errors detected in the compilation of "../main.c".
gmake: *** [main.obj] Error 1
gmake: Target 'all' not remade because of errors.

**** Build Finished ****

**** Build of configuration Debug for project SCANER ****

"C:\\ti\\ccsv8\\utils\\bin\\gmake" -k -j 4 all -O 
 
Building file: "../main.c"
Invoking: ARM Compiler
"C:/ti/ccsv8/tools/compiler/ti-cgt-arm_18.1.1.LTS/bin/armcl" -mv7M4 --code_state=16 --float_support=FPv4SPD16 -me --include_path="C:/Users/Jorge/Desktop/Proyecto SD/Etapa 2/SCANER" --include_path="C:/ti/ccsv8/tools/compiler/ti-cgt-arm_18.1.1.LTS/include" --define=ccs="ccs" --define=PART_TM4C123GH6PM -g --gcc --diag_warning=225 --diag_wrap=off --display_error_number --abi=eabi --preproc_with_compile --preproc_dependency="main.d_raw"  "../main.c"
 
>> Compilation failure
subdir_rules.mk:9: recipe for target 'main.obj' failed
"../main.c", line 142: warning #552-D: variable "error" was set but never used
"../main.c", line 152: error #20: identifier "medici\u00f3n" is undefined
"../main.c", line 152: error #20: identifier "rango" is undefined
"../main.c", line 152: error #101: duplicate parameter name
"../main.c", line 154: error #20: identifier "rango" is undefined
"../main.c", line 154: error #20: identifier "medici\u00f3n" is undefined
"../main.c", line 162: error #41: expected an identifier
"../main.c", line 162: warning #552-D: variable "gyro_x" was set but never used
"../main.c", line 162: warning #552-D: variable "gyro_y" was set but never used
6 errors detected in the compilation of "../main.c".
gmake: *** [main.obj] Error 1
gmake: Target 'all' not remade because of errors.

**** Build Finished ****

**** Build of configuration Debug for project SCANER ****

"C:\\ti\\ccsv8\\utils\\bin\\gmake" -k -j 4 all -O 
 
Building file: "../main.c"
Invoking: ARM Compiler
"C:/ti/ccsv8/tools/compiler/ti-cgt-arm_18.1.1.LTS/bin/armcl" -mv7M4 --code_state=16 --float_support=FPv4SPD16 -me --include_path="C:/Users/Jorge/Desktop/Proyecto SD/Etapa 2/SCANER" --include_path="C:/ti/ccsv8/tools/compiler/ti-cgt-arm_18.1.1.LTS/include" --define=ccs="ccs" --define=PART_TM4C123GH6PM -g --gcc --diag_warning=225 --diag_wrap=off --display_error_number --abi=eabi --preproc_with_compile --preproc_dependency="main.d_raw"  "../main.c"
 
>> Compilation failure
subdir_rules.mk:9: recipe for target 'main.obj' failed
"../main.c", line 142: warning #552-D: variable "error" was set but never used
"../main.c", line 152: error #20: identifier "medicion" is undefined
"../main.c", line 152: error #20: identifier "rango" is undefined
"../main.c", line 152: error #101: duplicate parameter name
"../main.c", line 154: error #20: identifier "rango" is undefined
"../main.c", line 154: error #20: identifier "medicion" is undefined
"../main.c", line 162: error #41: expected an identifier
"../main.c", line 162: warning #552-D: variable "gyro_x" was set but never used
"../main.c", line 162: warning #552-D: variable "gyro_y" was set but never used
6 errors detected in the compilation of "../main.c".
gmake: *** [main.obj] Error 1
gmake: Target 'all' not remade because of errors.

**** Build Finished ****

**** Build of configuration Debug for project SCANER ****

"C:\\ti\\ccsv8\\utils\\bin\\gmake" -k -j 4 all -O 
 
Building file: "../main.c"
Invoking: ARM Compiler
"C:/ti/ccsv8/tools/compiler/ti-cgt-arm_18.1.1.LTS/bin/armcl" -mv7M4 --code_state=16 --float_support=FPv4SPD16 -me --include_path="C:/Users/Jorge/Desktop/Proyecto SD/Etapa 2/SCANER" --include_path="C:/ti/ccsv8/tools/compiler/ti-cgt-arm_18.1.1.LTS/include" --define=ccs="ccs" --define=PART_TM4C123GH6PM -g --gcc --diag_warning=225 --diag_wrap=off --display_error_number --abi=eabi --preproc_with_compile --preproc_dependency="main.d_raw"  "../main.c"
 
>> Compilation failure
subdir_rules.mk:9: recipe for target 'main.obj' failed
"../main.c", line 142: warning #552-D: variable "error" was set but never used
"../main.c", line 152: error #20: identifier "medic" is undefined
"../main.c", line 152: error #20: identifier "rango" is undefined
"../main.c", line 152: error #101: duplicate parameter name
"../main.c", line 154: error #20: identifier "rango" is undefined
"../main.c", line 154: error #20: identifier "medic" is undefined
"../main.c", line 162: error #41: expected an identifier
"../main.c", line 162: warning #552-D: variable "gyro_x" was set but never used
"../main.c", line 162: warning #552-D: variable "gyro_y" was set but never used
6 errors detected in the compilation of "../main.c".
gmake: *** [main.obj] Error 1
gmake: Target 'all' not remade because of errors.

**** Build Finished ****

**** Build of configuration Debug for project SCANER ****

"C:\\ti\\ccsv8\\utils\\bin\\gmake" -k -j 4 all -O 
 
Building file: "../main.c"
Invoking: ARM Compiler
"C:/ti/ccsv8/tools/compiler/ti-cgt-arm_18.1.1.LTS/bin/armcl" -mv7M4 --code_state=16 --float_support=FPv4SPD16 -me --include_path="C:/Users/Jorge/Desktop/Proyecto SD/Etapa 2/SCANER" --include_path="C:/ti/ccsv8/tools/compiler/ti-cgt-arm_18.1.1.LTS/include" --define=ccs="ccs" --define=PART_TM4C123GH6PM -g --gcc --diag_warning=225 --diag_wrap=off --display_error_number --abi=eabi --preproc_with_compile --preproc_dependency="main.d_raw"  "../main.c"
 
>> Compilation failure
subdir_rules.mk:9: recipe for target 'main.obj' failed
"../main.c", line 142: warning #552-D: variable "error" was set but never used
"../main.c", line 162: error #41: expected an identifier
"../main.c", line 162: warning #552-D: variable "gyro_x" was set but never used
"../main.c", line 162: warning #552-D: variable "gyro_y" was set but never used
1 error detected in the compilation of "../main.c".
gmake: *** [main.obj] Error 1
gmake: Target 'all' not remade because of errors.

**** Build Finished ****

**** Build of configuration Debug for project SCANER ****

"C:\\ti\\ccsv8\\utils\\bin\\gmake" -k -j 4 all -O 
 
Building file: "../main.c"
Invoking: ARM Compiler
"C:/ti/ccsv8/tools/compiler/ti-cgt-arm_18.1.1.LTS/bin/armcl" -mv7M4 --code_state=16 --float_support=FPv4SPD16 -me --include_path="C:/Users/Jorge/Desktop/Proyecto SD/Etapa 2/SCANER" --include_path="C:/ti/ccsv8/tools/compiler/ti-cgt-arm_18.1.1.LTS/include" --define=ccs="ccs" --define=PART_TM4C123GH6PM -g --gcc --diag_warning=225 --diag_wrap=off --display_error_number --abi=eabi --preproc_with_compile --preproc_dependency="main.d_raw"  "../main.c"
"../main.c", line 142: warning #552-D: variable "error" was set but never used
"../main.c", line 162: warning #552-D: variable "gyro_x" was set but never used
"../main.c", line 162: warning #552-D: variable "gyro_y" was set but never used
Finished building: "../main.c"
 
Building target: "SCANER.out"
Invoking: ARM Linker
"C:/ti/ccsv8/tools/compiler/ti-cgt-arm_18.1.1.LTS/bin/armcl" -mv7M4 --code_state=16 --float_support=FPv4SPD16 -me --define=ccs="ccs" --define=PART_TM4C123GH6PM -g --gcc --diag_warning=225 --diag_wrap=off --display_error_number --abi=eabi -z -m"SCANER.map" --heap_size=0 --stack_size=512 -i"C:/ti/ccsv8/tools/compiler/ti-cgt-arm_18.1.1.LTS/lib" -i"C:/ti/ccsv8/tools/compiler/ti-cgt-arm_18.1.1.LTS/include" --reread_libs --diag_wrap=off --display_error_number --warn_sections --xml_link_info="SCANER_linkInfo.xml" --rom_model -o "SCANER.out" "./main.obj" "./tm4c123gh6pm_startup_ccs.obj" "../tm4c123gh6pm.cmd"  -llibc.a 
<Linking>
Finished building target: "SCANER.out"
 

**** Build Finished ****

**** Build of configuration Debug for project SCANER ****

"C:\\ti\\ccsv8\\utils\\bin\\gmake" -k -j 4 all -O 
 
Building file: "../main.c"
Invoking: ARM Compiler
"C:/ti/ccsv8/tools/compiler/ti-cgt-arm_18.1.1.LTS/bin/armcl" -mv7M4 --code_state=16 --float_support=FPv4SPD16 -me --include_path="C:/Users/Jorge/Desktop/Proyecto SD/Etapa 2/SCANER" --include_path="C:/ti/ccsv8/tools/compiler/ti-cgt-arm_18.1.1.LTS/include" --define=ccs="ccs" --define=PART_TM4C123GH6PM -g --gcc --diag_warning=225 --diag_wrap=off --display_error_number --abi=eabi --preproc_with_compile --preproc_dependency="main.d_raw"  "../main.c"
"../main.c", line 142: warning #552-D: variable "error" was set but never used
"../main.c", line 162: warning #552-D: variable "gyro_x" was set but never used
"../main.c", line 162: warning #552-D: variable "gyro_y" was set but never used
Finished building: "../main.c"
 
Building target: "SCANER.out"
Invoking: ARM Linker
"C:/ti/ccsv8/tools/compiler/ti-cgt-arm_18.1.1.LTS/bin/armcl" -mv7M4 --code_state=16 --float_support=FPv4SPD16 -me --define=ccs="ccs" --define=PART_TM4C123GH6PM -g --gcc --diag_warning=225 --diag_wrap=off --display_error_number --abi=eabi -z -m"SCANER.map" --heap_size=0 --stack_size=512 -i"C:/ti/ccsv8/tools/compiler/ti-cgt-arm_18.1.1.LTS/lib" -i"C:/ti/ccsv8/tools/compiler/ti-cgt-arm_18.1.1.LTS/include" --reread_libs --diag_wrap=off --display_error_number --warn_sections --xml_link_info="SCANER_linkInfo.xml" --rom_model -o "SCANER.out" "./main.obj" "./tm4c123gh6pm_startup_ccs.obj" "../tm4c123gh6pm.cmd"  -llibc.a 
<Linking>
Finished building target: "SCANER.out"
 

**** Build Finished ****

**** Build of configuration Debug for project SCANER ****

"C:\\ti\\ccsv8\\utils\\bin\\gmake" -k -j 4 all -O 
 
gmake[1]: 'SCANER.out' is up to date.

**** Build Finished ****

**** Build of configuration Debug for project SCANER ****

"C:\\ti\\ccsv8\\utils\\bin\\gmake" -k -j 4 all -O 
 
Building file: "../main.c"
Invoking: ARM Compiler
"C:/ti/ccsv8/tools/compiler/ti-cgt-arm_18.1.1.LTS/bin/armcl" -mv7M4 --code_state=16 --float_support=FPv4SPD16 -me --include_path="C:/Users/Jorge/Desktop/Proyecto SD/Etapa 2/SCANER" --include_path="C:/ti/ccsv8/tools/compiler/ti-cgt-arm_18.1.1.LTS/include" --define=ccs="ccs" --define=PART_TM4C123GH6PM -g --gcc --diag_warning=225 --diag_wrap=off --display_error_number --abi=eabi --preproc_with_compile --preproc_dependency="main.d_raw"  "../main.c"
"../main.c", line 142: warning #552-D: variable "error" was set but never used
"../main.c", line 162: warning #552-D: variable "gyro_x" was set but never used
"../main.c", line 162: warning #552-D: variable "gyro_y" was set but never used
Finished building: "../main.c"
 
Building target: "SCANER.out"
Invoking: ARM Linker
"C:/ti/ccsv8/tools/compiler/ti-cgt-arm_18.1.1.LTS/bin/armcl" -mv7M4 --code_state=16 --float_support=FPv4SPD16 -me --define=ccs="ccs" --define=PART_TM4C123GH6PM -g --gcc --diag_warning=225 --diag_wrap=off --display_error_number --abi=eabi -z -m"SCANER.map" --heap_size=0 --stack_size=512 -i"C:/ti/ccsv8/tools/compiler/ti-cgt-arm_18.1.1.LTS/lib" -i"C:/ti/ccsv8/tools/compiler/ti-cgt-arm_18.1.1.LTS/include" --reread_libs --diag_wrap=off --display_error_number --warn_sections --xml_link_info="SCANER_linkInfo.xml" --rom_model -o "SCANER.out" "./main.obj" "./tm4c123gh6pm_startup_ccs.obj" "../tm4c123gh6pm.cmd"  -llibc.a 
<Linking>
Finished building target: "SCANER.out"
 

**** Build Finished ****

**** Build of configuration Debug for project SCANER ****

"C:\\ti\\ccsv8\\utils\\bin\\gmake" -k -j 4 all -O 
 
gmake[1]: 'SCANER.out' is up to date.

**** Build Finished ****

**** Build of configuration Debug for project SCANER ****

"C:\\ti\\ccsv8\\utils\\bin\\gmake" -k -j 4 all -O 
 
Building file: "../main.c"
Invoking: ARM Compiler
"C:/ti/ccsv8/tools/compiler/ti-cgt-arm_18.1.1.LTS/bin/armcl" -mv7M4 --code_state=16 --float_support=FPv4SPD16 -me --include_path="C:/Users/Jorge/Desktop/Proyecto SD/Etapa 2/SCANER" --include_path="C:/ti/ccsv8/tools/compiler/ti-cgt-arm_18.1.1.LTS/include" --define=ccs="ccs" --define=PART_TM4C123GH6PM -g --gcc --diag_warning=225 --diag_wrap=off --display_error_number --abi=eabi --preproc_with_compile --preproc_dependency="main.d_raw"  "../main.c"
 
>> Compilation failure
subdir_rules.mk:9: recipe for target 'main.obj' failed
"../main.c", line 142: warning #552-D: variable "error" was set but never used
"../main.c", line 164: error #20: identifier "a_z" is undefined
"../main.c", line 165: error #20: identifier "accel_z" is undefined
"../main.c", line 166: error #66: expected a ";"
"../main.c", line 162: warning #552-D: variable "gyro_x" was set but never used
"../main.c", line 162: warning #552-D: variable "gyro_y" was set but never used
3 errors detected in the compilation of "../main.c".
gmake: *** [main.obj] Error 1
gmake: Target 'all' not remade because of errors.

**** Build Finished ****

**** Build of configuration Debug for project SCANER ****

"C:\\ti\\ccsv8\\utils\\bin\\gmake" -k -j 4 all -O 
 
Building file: "../main.c"
Invoking: ARM Compiler
"C:/ti/ccsv8/tools/compiler/ti-cgt-arm_18.1.1.LTS/bin/armcl" -mv7M4 --code_state=16 --float_support=FPv4SPD16 -me --include_path="C:/Users/Jorge/Desktop/Proyecto SD/Etapa 2/SCANER" --include_path="C:/ti/ccsv8/tools/compiler/ti-cgt-arm_18.1.1.LTS/include" --define=ccs="ccs" --define=PART_TM4C123GH6PM -g --gcc --diag_warning=225 --diag_wrap=off --display_error_number --abi=eabi --preproc_with_compile --preproc_dependency="main.d_raw"  "../main.c"
 
>> Compilation failure
subdir_rules.mk:9: recipe for target 'main.obj' failed
"../main.c", line 142: warning #552-D: variable "error" was set but never used
"../main.c", line 166: error #66: expected a ";"
"../main.c", line 162: warning #552-D: variable "gyro_x" was set but never used
"../main.c", line 162: warning #552-D: variable "gyro_y" was set but never used
"../main.c", line 162: warning #552-D: variable "accel_z" was set but never used
1 error detected in the compilation of "../main.c".
gmake: *** [main.obj] Error 1
gmake: Target 'all' not remade because of errors.

**** Build Finished ****

**** Build of configuration Debug for project SCANER ****

"C:\\ti\\ccsv8\\utils\\bin\\gmake" -k -j 4 all -O 
 
Building file: "../main.c"
Invoking: ARM Compiler
"C:/ti/ccsv8/tools/compiler/ti-cgt-arm_18.1.1.LTS/bin/armcl" -mv7M4 --code_state=16 --float_support=FPv4SPD16 -me --include_path="C:/Users/Jorge/Desktop/Proyecto SD/Etapa 2/SCANER" --include_path="C:/ti/ccsv8/tools/compiler/ti-cgt-arm_18.1.1.LTS/include" --define=ccs="ccs" --define=PART_TM4C123GH6PM -g --gcc --diag_warning=225 --diag_wrap=off --display_error_number --abi=eabi --preproc_with_compile --preproc_dependency="main.d_raw"  "../main.c"
"../main.c", line 142: warning #552-D: variable "error" was set but never used
"../main.c", line 162: warning #552-D: variable "gyro_x" was set but never used
"../main.c", line 162: warning #552-D: variable "gyro_y" was set but never used
"../main.c", line 162: warning #552-D: variable "accel_z" was set but never used
Finished building: "../main.c"
 
Building target: "SCANER.out"
Invoking: ARM Linker
"C:/ti/ccsv8/tools/compiler/ti-cgt-arm_18.1.1.LTS/bin/armcl" -mv7M4 --code_state=16 --float_support=FPv4SPD16 -me --define=ccs="ccs" --define=PART_TM4C123GH6PM -g --gcc --diag_warning=225 --diag_wrap=off --display_error_number --abi=eabi -z -m"SCANER.map" --heap_size=0 --stack_size=512 -i"C:/ti/ccsv8/tools/compiler/ti-cgt-arm_18.1.1.LTS/lib" -i"C:/ti/ccsv8/tools/compiler/ti-cgt-arm_18.1.1.LTS/include" --reread_libs --diag_wrap=off --display_error_number --warn_sections --xml_link_info="SCANER_linkInfo.xml" --rom_model -o "SCANER.out" "./main.obj" "./tm4c123gh6pm_startup_ccs.obj" "../tm4c123gh6pm.cmd"  -llibc.a 
<Linking>
Finished building target: "SCANER.out"
 

**** Build Finished ****

**** Build of configuration Debug for project SCANER ****

"C:\\ti\\ccsv8\\utils\\bin\\gmake" -k -j 4 all -O 
 
gmake[1]: 'SCANER.out' is up to date.

**** Build Finished ****

**** Build of configuration Debug for project SCANER ****

"C:\\ti\\ccsv8\\utils\\bin\\gmake" -k -j 4 all -O 
 
Building file: "../main.c"
Invoking: ARM Compiler
"C:/ti/ccsv8/tools/compiler/ti-cgt-arm_18.1.1.LTS/bin/armcl" -mv7M4 --code_state=16 --float_support=FPv4SPD16 -me --include_path="C:/Users/Jorge/Desktop/Proyecto SD/Etapa 2/SCANER" --include_path="C:/ti/ccsv8/tools/compiler/ti-cgt-arm_18.1.1.LTS/include" --define=ccs="ccs" --define=PART_TM4C123GH6PM -g --gcc --diag_warning=225 --diag_wrap=off --display_error_number --abi=eabi --preproc_with_compile --preproc_dependency="main.d_raw"  "../main.c"
"../main.c", line 142: warning #552-D: variable "error" was set but never used
"../main.c", line 162: warning #552-D: variable "gyro_x" was set but never used
"../main.c", line 162: warning #552-D: variable "gyro_y" was set but never used
"../main.c", line 162: warning #552-D: variable "accel_z" was set but never used
Finished building: "../main.c"
 
Building target: "SCANER.out"
Invoking: ARM Linker
"C:/ti/ccsv8/tools/compiler/ti-cgt-arm_18.1.1.LTS/bin/armcl" -mv7M4 --code_state=16 --float_support=FPv4SPD16 -me --define=ccs="ccs" --define=PART_TM4C123GH6PM -g --gcc --diag_warning=225 --diag_wrap=off --display_error_number --abi=eabi -z -m"SCANER.map" --heap_size=0 --stack_size=512 -i"C:/ti/ccsv8/tools/compiler/ti-cgt-arm_18.1.1.LTS/lib" -i"C:/ti/ccsv8/tools/compiler/ti-cgt-arm_18.1.1.LTS/include" --reread_libs --diag_wrap=off --display_error_number --warn_sections --xml_link_info="SCANER_linkInfo.xml" --rom_model -o "SCANER.out" "./main.obj" "./tm4c123gh6pm_startup_ccs.obj" "../tm4c123gh6pm.cmd"  -llibc.a 
<Linking>
Finished building target: "SCANER.out"
 

**** Build Finished ****

**** Build of configuration Debug for project SCANER ****

"C:\\ti\\ccsv8\\utils\\bin\\gmake" -k -j 4 all -O 
 
gmake[1]: 'SCANER.out' is up to date.

**** Build Finished ****

**** Build of configuration Debug for project SCANER ****

"C:\\ti\\ccsv8\\utils\\bin\\gmake" -k -j 4 all -O 
 
Building file: "../main.c"
Invoking: ARM Compiler
"C:/ti/ccsv8/tools/compiler/ti-cgt-arm_18.1.1.LTS/bin/armcl" -mv7M4 --code_state=16 --float_support=FPv4SPD16 -me --include_path="C:/Users/Jorge/Desktop/Proyecto SD/Etapa 2/SCANER" --include_path="C:/ti/ccsv8/tools/compiler/ti-cgt-arm_18.1.1.LTS/include" --define=ccs="ccs" --define=PART_TM4C123GH6PM -g --gcc --diag_warning=225 --diag_wrap=off --display_error_number --abi=eabi --preproc_with_compile --preproc_dependency="main.d_raw"  "../main.c"
"../main.c", line 142: warning #552-D: variable "error" was set but never used
"../main.c", line 162: warning #552-D: variable "gyro_x" was set but never used
"../main.c", line 162: warning #552-D: variable "gyro_y" was set but never used
"../main.c", line 162: warning #552-D: variable "accel_z" was set but never used
Finished building: "../main.c"
 
Building target: "SCANER.out"
Invoking: ARM Linker
"C:/ti/ccsv8/tools/compiler/ti-cgt-arm_18.1.1.LTS/bin/armcl" -mv7M4 --code_state=16 --float_support=FPv4SPD16 -me --define=ccs="ccs" --define=PART_TM4C123GH6PM -g --gcc --diag_warning=225 --diag_wrap=off --display_error_number --abi=eabi -z -m"SCANER.map" --heap_size=0 --stack_size=512 -i"C:/ti/ccsv8/tools/compiler/ti-cgt-arm_18.1.1.LTS/lib" -i"C:/ti/ccsv8/tools/compiler/ti-cgt-arm_18.1.1.LTS/include" --reread_libs --diag_wrap=off --display_error_number --warn_sections --xml_link_info="SCANER_linkInfo.xml" --rom_model -o "SCANER.out" "./main.obj" "./tm4c123gh6pm_startup_ccs.obj" "../tm4c123gh6pm.cmd"  -llibc.a 
<Linking>
Finished building target: "SCANER.out"
 

**** Build Finished ****

**** Build of configuration Debug for project SCANER ****

"C:\\ti\\ccsv8\\utils\\bin\\gmake" -k -j 4 all -O 
 
gmake[1]: 'SCANER.out' is up to date.

**** Build Finished ****

**** Build of configuration Debug for project SCANER ****

"C:\\ti\\ccsv8\\utils\\bin\\gmake" -k -j 4 all -O 
 
Building file: "../main.c"
Invoking: ARM Compiler
"C:/ti/ccsv8/tools/compiler/ti-cgt-arm_18.1.1.LTS/bin/armcl" -mv7M4 --code_state=16 --float_support=FPv4SPD16 -me --include_path="C:/Users/Jorge/Desktop/Proyecto SD/Etapa 2/SCANER" --include_path="C:/ti/ccsv8/tools/compiler/ti-cgt-arm_18.1.1.LTS/include" --define=ccs="ccs" --define=PART_TM4C123GH6PM -g --gcc --diag_warning=225 --diag_wrap=off --display_error_number --abi=eabi --preproc_with_compile --preproc_dependency="main.d_raw"  "../main.c"
"../main.c", line 142: warning #552-D: variable "error" was set but never used
"../main.c", line 163: warning #552-D: variable "gyro_x" was set but never used
"../main.c", line 163: warning #552-D: variable "gyro_y" was set but never used
"../main.c", line 163: warning #552-D: variable "accel_z" was set but never used
Finished building: "../main.c"
 
Building target: "SCANER.out"
Invoking: ARM Linker
"C:/ti/ccsv8/tools/compiler/ti-cgt-arm_18.1.1.LTS/bin/armcl" -mv7M4 --code_state=16 --float_support=FPv4SPD16 -me --define=ccs="ccs" --define=PART_TM4C123GH6PM -g --gcc --diag_warning=225 --diag_wrap=off --display_error_number --abi=eabi -z -m"SCANER.map" --heap_size=0 --stack_size=512 -i"C:/ti/ccsv8/tools/compiler/ti-cgt-arm_18.1.1.LTS/lib" -i"C:/ti/ccsv8/tools/compiler/ti-cgt-arm_18.1.1.LTS/include" --reread_libs --diag_wrap=off --display_error_number --warn_sections --xml_link_info="SCANER_linkInfo.xml" --rom_model -o "SCANER.out" "./main.obj" "./tm4c123gh6pm_startup_ccs.obj" "../tm4c123gh6pm.cmd"  -llibc.a 
<Linking>
Finished building target: "SCANER.out"
 

**** Build Finished ****

**** Build of configuration Debug for project SCANER ****

"C:\\ti\\ccsv8\\utils\\bin\\gmake" -k -j 4 all -O 
 
gmake[1]: 'SCANER.out' is up to date.

**** Build Finished ****

**** Build of configuration Debug for project SCANER ****

"C:\\ti\\ccsv8\\utils\\bin\\gmake" -k -j 4 all -O 
 
Building file: "../main.c"
Invoking: ARM Compiler
"C:/ti/ccsv8/tools/compiler/ti-cgt-arm_18.1.1.LTS/bin/armcl" -mv7M4 --code_state=16 --float_support=FPv4SPD16 -me --include_path="C:/Users/Jorge/Desktop/Proyecto SD/Etapa 2/SCANER" --include_path="C:/ti/ccsv8/tools/compiler/ti-cgt-arm_18.1.1.LTS/include" --define=ccs="ccs" --define=PART_TM4C123GH6PM -g --gcc --diag_warning=225 --diag_wrap=off --display_error_number --abi=eabi --preproc_with_compile --preproc_dependency="main.d_raw"  "../main.c"
"../main.c", line 142: warning #552-D: variable "error" was set but never used
"../main.c", line 162: warning #552-D: variable "gyro_x" was set but never used
"../main.c", line 162: warning #552-D: variable "gyro_y" was set but never used
"../main.c", line 162: warning #552-D: variable "accel_z" was set but never used
Finished building: "../main.c"
 
Building target: "SCANER.out"
Invoking: ARM Linker
"C:/ti/ccsv8/tools/compiler/ti-cgt-arm_18.1.1.LTS/bin/armcl" -mv7M4 --code_state=16 --float_support=FPv4SPD16 -me --define=ccs="ccs" --define=PART_TM4C123GH6PM -g --gcc --diag_warning=225 --diag_wrap=off --display_error_number --abi=eabi -z -m"SCANER.map" --heap_size=0 --stack_size=512 -i"C:/ti/ccsv8/tools/compiler/ti-cgt-arm_18.1.1.LTS/lib" -i"C:/ti/ccsv8/tools/compiler/ti-cgt-arm_18.1.1.LTS/include" --reread_libs --diag_wrap=off --display_error_number --warn_sections --xml_link_info="SCANER_linkInfo.xml" --rom_model -o "SCANER.out" "./main.obj" "./tm4c123gh6pm_startup_ccs.obj" "../tm4c123gh6pm.cmd"  -llibc.a 
<Linking>
Finished building target: "SCANER.out"
 

**** Build Finished ****

**** Build of configuration Debug for project SCANER ****

"C:\\ti\\ccsv8\\utils\\bin\\gmake" -k -j 4 all -O 
 
gmake[1]: 'SCANER.out' is up to date.

**** Build Finished ****

**** Build of configuration Debug for project SCANER ****

"C:\\ti\\ccsv8\\utils\\bin\\gmake" -k -j 4 all -O 
 
Building file: "../main.c"
Invoking: ARM Compiler
"C:/ti/ccsv8/tools/compiler/ti-cgt-arm_18.1.1.LTS/bin/armcl" -mv7M4 --code_state=16 --float_support=FPv4SPD16 -me --include_path="C:/Users/Jorge/Desktop/Proyecto SD/Etapa 2/SCANER" --include_path="C:/ti/ccsv8/tools/compiler/ti-cgt-arm_18.1.1.LTS/include" --define=ccs="ccs" --define=PART_TM4C123GH6PM -g --gcc --diag_warning=225 --diag_wrap=off --display_error_number --abi=eabi --preproc_with_compile --preproc_dependency="main.d_raw"  "../main.c"
"../main.c", line 142: warning #552-D: variable "error" was set but never used
"../main.c", line 162: warning #552-D: variable "gyro_x" was set but never used
"../main.c", line 162: warning #552-D: variable "gyro_y" was set but never used
"../main.c", line 162: warning #552-D: variable "accel_z" was set but never used
Finished building: "../main.c"
 
Building target: "SCANER.out"
Invoking: ARM Linker
"C:/ti/ccsv8/tools/compiler/ti-cgt-arm_18.1.1.LTS/bin/armcl" -mv7M4 --code_state=16 --float_support=FPv4SPD16 -me --define=ccs="ccs" --define=PART_TM4C123GH6PM -g --gcc --diag_warning=225 --diag_wrap=off --display_error_number --abi=eabi -z -m"SCANER.map" --heap_size=0 --stack_size=512 -i"C:/ti/ccsv8/tools/compiler/ti-cgt-arm_18.1.1.LTS/lib" -i"C:/ti/ccsv8/tools/compiler/ti-cgt-arm_18.1.1.LTS/include" --reread_libs --diag_wrap=off --display_error_number --warn_sections --xml_link_info="SCANER_linkInfo.xml" --rom_model -o "SCANER.out" "./main.obj" "./tm4c123gh6pm_startup_ccs.obj" "../tm4c123gh6pm.cmd"  -llibc.a 
<Linking>
Finished building target: "SCANER.out"
 

**** Build Finished ****

**** Build of configuration Debug for project SCANER ****

"C:\\ti\\ccsv8\\utils\\bin\\gmake" -k -j 4 all -O 
 
gmake[1]: 'SCANER.out' is up to date.

**** Build Finished ****

**** Build of configuration Debug for project SCANER ****

"C:\\ti\\ccsv8\\utils\\bin\\gmake" -k -j 4 all -O 
 
Building file: "../main.c"
Invoking: ARM Compiler
"C:/ti/ccsv8/tools/compiler/ti-cgt-arm_18.1.1.LTS/bin/armcl" -mv7M4 --code_state=16 --float_support=FPv4SPD16 -me --include_path="C:/Users/Jorge/Desktop/Proyecto SD/Etapa 2/SCANER" --include_path="C:/ti/ccsv8/tools/compiler/ti-cgt-arm_18.1.1.LTS/include" --define=ccs="ccs" --define=PART_TM4C123GH6PM -g --gcc --diag_warning=225 --diag_wrap=off --display_error_number --abi=eabi --preproc_with_compile --preproc_dependency="main.d_raw"  "../main.c"
"../main.c", line 142: warning #552-D: variable "error" was set but never used
"../main.c", line 161: warning #552-D: variable "g_z" was set but never used
"../main.c", line 162: warning #552-D: variable "gyro_x" was set but never used
"../main.c", line 162: warning #552-D: variable "gyro_y" was set but never used
"../main.c", line 162: warning #552-D: variable "gyro_z" was set but never used
"../main.c", line 162: warning #552-D: variable "accel_x" was set but never used
"../main.c", line 162: warning #552-D: variable "accel_y" was set but never used
"../main.c", line 162: warning #552-D: variable "accel_z" was set but never used
Finished building: "../main.c"
 
Building target: "SCANER.out"
Invoking: ARM Linker
"C:/ti/ccsv8/tools/compiler/ti-cgt-arm_18.1.1.LTS/bin/armcl" -mv7M4 --code_state=16 --float_support=FPv4SPD16 -me --define=ccs="ccs" --define=PART_TM4C123GH6PM -g --gcc --diag_warning=225 --diag_wrap=off --display_error_number --abi=eabi -z -m"SCANER.map" --heap_size=0 --stack_size=512 -i"C:/ti/ccsv8/tools/compiler/ti-cgt-arm_18.1.1.LTS/lib" -i"C:/ti/ccsv8/tools/compiler/ti-cgt-arm_18.1.1.LTS/include" --reread_libs --diag_wrap=off --display_error_number --warn_sections --xml_link_info="SCANER_linkInfo.xml" --rom_model -o "SCANER.out" "./main.obj" "./tm4c123gh6pm_startup_ccs.obj" "../tm4c123gh6pm.cmd"  -llibc.a 
<Linking>
Finished building target: "SCANER.out"
 

**** Build Finished ****

**** Build of configuration Debug for project SCANER ****

"C:\\ti\\ccsv8\\utils\\bin\\gmake" -k -j 4 all -O 
 
Building file: "../main.c"
Invoking: ARM Compiler
"C:/ti/ccsv8/tools/compiler/ti-cgt-arm_18.1.1.LTS/bin/armcl" -mv7M4 --code_state=16 --float_support=FPv4SPD16 -me --include_path="C:/Users/Jorge/Desktop/Proyecto SD/Etapa 2/SCANER" --include_path="C:/ti/ccsv8/tools/compiler/ti-cgt-arm_18.1.1.LTS/include" --define=ccs="ccs" --define=PART_TM4C123GH6PM -g --gcc --diag_warning=225 --diag_wrap=off --display_error_number --abi=eabi --preproc_with_compile --preproc_dependency="main.d_raw"  "../main.c"
"../main.c", line 142: warning #552-D: variable "error" was set but never used
"../main.c", line 162: warning #552-D: variable "gyro_x" was set but never used
"../main.c", line 162: warning #552-D: variable "gyro_y" was set but never used
"../main.c", line 162: warning #552-D: variable "gyro_z" was set but never used
"../main.c", line 162: warning #552-D: variable "accel_x" was set but never used
"../main.c", line 162: warning #552-D: variable "accel_y" was set but never used
"../main.c", line 162: warning #552-D: variable "accel_z" was set but never used
Finished building: "../main.c"
 
Building target: "SCANER.out"
Invoking: ARM Linker
"C:/ti/ccsv8/tools/compiler/ti-cgt-arm_18.1.1.LTS/bin/armcl" -mv7M4 --code_state=16 --float_support=FPv4SPD16 -me --define=ccs="ccs" --define=PART_TM4C123GH6PM -g --gcc --diag_warning=225 --diag_wrap=off --display_error_number --abi=eabi -z -m"SCANER.map" --heap_size=0 --stack_size=512 -i"C:/ti/ccsv8/tools/compiler/ti-cgt-arm_18.1.1.LTS/lib" -i"C:/ti/ccsv8/tools/compiler/ti-cgt-arm_18.1.1.LTS/include" --reread_libs --diag_wrap=off --display_error_number --warn_sections --xml_link_info="SCANER_linkInfo.xml" --rom_model -o "SCANER.out" "./main.obj" "./tm4c123gh6pm_startup_ccs.obj" "../tm4c123gh6pm.cmd"  -llibc.a 
<Linking>
Finished building target: "SCANER.out"
 

**** Build Finished ****

**** Build of configuration Debug for project SCANER ****

"C:\\ti\\ccsv8\\utils\\bin\\gmake" -k -j 4 all -O 
 
gmake[1]: 'SCANER.out' is up to date.

**** Build Finished ****

**** Build of configuration Debug for project SCANER ****

"C:\\ti\\ccsv8\\utils\\bin\\gmake" -k -j 4 all -O 
 
gmake[1]: 'SCANER.out' is up to date.

**** Build Finished ****

**** Build of configuration Debug for project SCANER ****

"C:\\ti\\ccsv8\\utils\\bin\\gmake" -k -j 4 all -O 
 
gmake[1]: 'SCANER.out' is up to date.

**** Build Finished ****

**** Build of configuration Debug for project SCANER ****

"C:\\ti\\ccsv8\\utils\\bin\\gmake" -k -j 4 all -O 
 
gmake[1]: 'SCANER.out' is up to date.

**** Build Finished ****

**** Build of configuration Debug for project SCANER ****

"C:\\ti\\ccsv8\\utils\\bin\\gmake" -k -j 4 all -O 
 
gmake[1]: 'SCANER.out' is up to date.

**** Build Finished ****

**** Build of configuration Debug for project SCANER ****

"C:\\ti\\ccsv8\\utils\\bin\\gmake" -k -j 4 all -O 
 
gmake[1]: 'SCANER.out' is up to date.

**** Build Finished ****

**** Build of configuration Debug for project SCANER ****

"C:\\ti\\ccsv8\\utils\\bin\\gmake" -k -j 4 all -O 
 
Building file: "../main.c"
Invoking: ARM Compiler
"C:/ti/ccsv8/tools/compiler/ti-cgt-arm_18.1.1.LTS/bin/armcl" -mv7M4 --code_state=16 --float_support=FPv4SPD16 -me --include_path="C:/Users/Jorge/Desktop/Proyecto SD/Etapa 2/SCANER" --include_path="C:/ti/ccsv8/tools/compiler/ti-cgt-arm_18.1.1.LTS/include" --define=ccs="ccs" --define=PART_TM4C123GH6PM -g --gcc --diag_warning=225 --diag_wrap=off --display_error_number --abi=eabi --preproc_with_compile --preproc_dependency="main.d_raw"  "../main.c"
"../main.c", line 142: warning #552-D: variable "error" was set but never used
"../main.c", line 162: warning #552-D: variable "gyro_x" was set but never used
"../main.c", line 162: warning #552-D: variable "gyro_y" was set but never used
"../main.c", line 162: warning #552-D: variable "gyro_z" was set but never used
"../main.c", line 162: warning #552-D: variable "accel_x" was set but never used
"../main.c", line 162: warning #552-D: variable "accel_y" was set but never used
"../main.c", line 162: warning #552-D: variable "accel_z" was set but never used
Finished building: "../main.c"
 
Building target: "SCANER.out"
Invoking: ARM Linker
"C:/ti/ccsv8/tools/compiler/ti-cgt-arm_18.1.1.LTS/bin/armcl" -mv7M4 --code_state=16 --float_support=FPv4SPD16 -me --define=ccs="ccs" --define=PART_TM4C123GH6PM -g --gcc --diag_warning=225 --diag_wrap=off --display_error_number --abi=eabi -z -m"SCANER.map" --heap_size=0 --stack_size=512 -i"C:/ti/ccsv8/tools/compiler/ti-cgt-arm_18.1.1.LTS/lib" -i"C:/ti/ccsv8/tools/compiler/ti-cgt-arm_18.1.1.LTS/include" --reread_libs --diag_wrap=off --display_error_number --warn_sections --xml_link_info="SCANER_linkInfo.xml" --rom_model -o "SCANER.out" "./main.obj" "./tm4c123gh6pm_startup_ccs.obj" "../tm4c123gh6pm.cmd"  -llibc.a 
<Linking>
Finished building target: "SCANER.out"
 

**** Build Finished ****

**** Build of configuration Debug for project SCANER ****

"C:\\ti\\ccsv8\\utils\\bin\\gmake" -k -j 4 all -O 
 
gmake[1]: 'SCANER.out' is up to date.

**** Build Finished ****

**** Build of configuration Debug for project SCANER ****

"C:\\ti\\ccsv8\\utils\\bin\\gmake" -k -j 4 all -O 
 
Building file: "../main.c"
Invoking: ARM Compiler
"C:/ti/ccsv8/tools/compiler/ti-cgt-arm_18.1.1.LTS/bin/armcl" -mv7M4 --code_state=16 --float_support=FPv4SPD16 -me --include_path="C:/Users/Jorge/Desktop/Proyecto SD/Etapa 2/SCANER" --include_path="C:/ti/ccsv8/tools/compiler/ti-cgt-arm_18.1.1.LTS/include" --define=ccs="ccs" --define=PART_TM4C123GH6PM -g --gcc --diag_warning=225 --diag_wrap=off --display_error_number --abi=eabi --preproc_with_compile --preproc_dependency="main.d_raw"  "../main.c"
"../main.c", line 142: warning #552-D: variable "error" was set but never used
"../main.c", line 162: warning #552-D: variable "gyro_x" was set but never used
"../main.c", line 162: warning #552-D: variable "gyro_y" was set but never used
"../main.c", line 162: warning #552-D: variable "gyro_z" was set but never used
"../main.c", line 162: warning #552-D: variable "accel_x" was set but never used
"../main.c", line 162: warning #552-D: variable "accel_y" was set but never used
"../main.c", line 162: warning #552-D: variable "accel_z" was set but never used
Finished building: "../main.c"
 
Building target: "SCANER.out"
Invoking: ARM Linker
"C:/ti/ccsv8/tools/compiler/ti-cgt-arm_18.1.1.LTS/bin/armcl" -mv7M4 --code_state=16 --float_support=FPv4SPD16 -me --define=ccs="ccs" --define=PART_TM4C123GH6PM -g --gcc --diag_warning=225 --diag_wrap=off --display_error_number --abi=eabi -z -m"SCANER.map" --heap_size=0 --stack_size=512 -i"C:/ti/ccsv8/tools/compiler/ti-cgt-arm_18.1.1.LTS/lib" -i"C:/ti/ccsv8/tools/compiler/ti-cgt-arm_18.1.1.LTS/include" --reread_libs --diag_wrap=off --display_error_number --warn_sections --xml_link_info="SCANER_linkInfo.xml" --rom_model -o "SCANER.out" "./main.obj" "./tm4c123gh6pm_startup_ccs.obj" "../tm4c123gh6pm.cmd"  -llibc.a 
<Linking>
Finished building target: "SCANER.out"
 

**** Build Finished ****

**** Build of configuration Debug for project SCANER ****

"C:\\ti\\ccsv8\\utils\\bin\\gmake" -k -j 4 all -O 
 
gmake[1]: 'SCANER.out' is up to date.

**** Build Finished ****

**** Build of configuration Debug for project SCANER ****

"C:\\ti\\ccsv8\\utils\\bin\\gmake" -k -j 4 all -O 
 
gmake[1]: 'SCANER.out' is up to date.

**** Build Finished ****

**** Build of configuration Debug for project SCANER ****

"C:\\ti\\ccsv8\\utils\\bin\\gmake" -k -j 4 all -O 
 
gmake[1]: 'SCANER.out' is up to date.

**** Build Finished ****

**** Build of configuration Debug for project SCANER ****

"C:\\ti\\ccsv8\\utils\\bin\\gmake" -k -j 4 all -O 
 
Building file: "../main.c"
Invoking: ARM Compiler
"C:/ti/ccsv8/tools/compiler/ti-cgt-arm_18.1.1.LTS/bin/armcl" -mv7M4 --code_state=16 --float_support=FPv4SPD16 -me --include_path="C:/Users/Jorge/Desktop/Proyecto SD/Etapa 2/SCANER" --include_path="C:/ti/ccsv8/tools/compiler/ti-cgt-arm_18.1.1.LTS/include" --define=ccs="ccs" --define=PART_TM4C123GH6PM -g --gcc --diag_warning=225 --diag_wrap=off --display_error_number --abi=eabi --preproc_with_compile --preproc_dependency="main.d_raw"  "../main.c"
"../main.c", line 142: warning #552-D: variable "error" was set but never used
"../main.c", line 162: warning #552-D: variable "gyro_x" was set but never used
"../main.c", line 162: warning #552-D: variable "gyro_y" was set but never used
"../main.c", line 162: warning #552-D: variable "gyro_z" was set but never used
"../main.c", line 162: warning #552-D: variable "accel_x" was set but never used
"../main.c", line 162: warning #552-D: variable "accel_y" was set but never used
"../main.c", line 162: warning #552-D: variable "accel_z" was set but never used
Finished building: "../main.c"
 
Building target: "SCANER.out"
Invoking: ARM Linker
"C:/ti/ccsv8/tools/compiler/ti-cgt-arm_18.1.1.LTS/bin/armcl" -mv7M4 --code_state=16 --float_support=FPv4SPD16 -me --define=ccs="ccs" --define=PART_TM4C123GH6PM -g --gcc --diag_warning=225 --diag_wrap=off --display_error_number --abi=eabi -z -m"SCANER.map" --heap_size=0 --stack_size=512 -i"C:/ti/ccsv8/tools/compiler/ti-cgt-arm_18.1.1.LTS/lib" -i"C:/ti/ccsv8/tools/compiler/ti-cgt-arm_18.1.1.LTS/include" --reread_libs --diag_wrap=off --display_error_number --warn_sections --xml_link_info="SCANER_linkInfo.xml" --rom_model -o "SCANER.out" "./main.obj" "./tm4c123gh6pm_startup_ccs.obj" "../tm4c123gh6pm.cmd"  -llibc.a 
<Linking>
Finished building target: "SCANER.out"
 

**** Build Finished ****

**** Build of configuration Debug for project SCANER ****

"C:\\ti\\ccsv8\\utils\\bin\\gmake" -k -j 4 all -O 
 
gmake[1]: 'SCANER.out' is up to date.

**** Build Finished ****

**** Build of configuration Debug for project SCANER ****

"C:\\ti\\ccsv8\\utils\\bin\\gmake" -k -j 4 all -O 
 
gmake[1]: 'SCANER.out' is up to date.

**** Build Finished ****

**** Build of configuration Debug for project SCANER ****

"C:\\ti\\ccsv8\\utils\\bin\\gmake" -k -j 4 all -O 
 
Building file: "../main.c"
Invoking: ARM Compiler
"C:/ti/ccsv8/tools/compiler/ti-cgt-arm_18.1.1.LTS/bin/armcl" -mv7M4 --code_state=16 --float_support=FPv4SPD16 -me --include_path="C:/Users/Jorge/Desktop/Proyecto SD/Etapa 2/SCANER" --include_path="C:/ti/ccsv8/tools/compiler/ti-cgt-arm_18.1.1.LTS/include" --define=ccs="ccs" --define=PART_TM4C123GH6PM -g --gcc --diag_warning=225 --diag_wrap=off --display_error_number --abi=eabi --preproc_with_compile --preproc_dependency="main.d_raw"  "../main.c"
"../main.c", line 142: warning #552-D: variable "error" was set but never used
"../main.c", line 162: warning #552-D: variable "gyro_x" was set but never used
"../main.c", line 162: warning #552-D: variable "gyro_y" was set but never used
"../main.c", line 162: warning #552-D: variable "gyro_z" was set but never used
"../main.c", line 162: warning #552-D: variable "accel_x" was set but never used
"../main.c", line 162: warning #552-D: variable "accel_y" was set but never used
"../main.c", line 162: warning #552-D: variable "accel_z" was set but never used
Finished building: "../main.c"
 
Building target: "SCANER.out"
Invoking: ARM Linker
"C:/ti/ccsv8/tools/compiler/ti-cgt-arm_18.1.1.LTS/bin/armcl" -mv7M4 --code_state=16 --float_support=FPv4SPD16 -me --define=ccs="ccs" --define=PART_TM4C123GH6PM -g --gcc --diag_warning=225 --diag_wrap=off --display_error_number --abi=eabi -z -m"SCANER.map" --heap_size=0 --stack_size=512 -i"C:/ti/ccsv8/tools/compiler/ti-cgt-arm_18.1.1.LTS/lib" -i"C:/ti/ccsv8/tools/compiler/ti-cgt-arm_18.1.1.LTS/include" --reread_libs --diag_wrap=off --display_error_number --warn_sections --xml_link_info="SCANER_linkInfo.xml" --rom_model -o "SCANER.out" "./main.obj" "./tm4c123gh6pm_startup_ccs.obj" "../tm4c123gh6pm.cmd"  -llibc.a 
<Linking>
Finished building target: "SCANER.out"
 

**** Build Finished ****

**** Build of configuration Debug for project SCANER ****

"C:\\ti\\ccsv8\\utils\\bin\\gmake" -k -j 4 all -O 
 
gmake[1]: 'SCANER.out' is up to date.

**** Build Finished ****

**** Build of configuration Debug for project SCANER ****

"C:\\ti\\ccsv8\\utils\\bin\\gmake" -k -j 4 all -O 
 
Building file: "../main.c"
Invoking: ARM Compiler
"C:/ti/ccsv8/tools/compiler/ti-cgt-arm_18.1.1.LTS/bin/armcl" -mv7M4 --code_state=16 --float_support=FPv4SPD16 -me --include_path="C:/Users/Jorge/Desktop/Proyecto SD/Etapa 2/SCANER" --include_path="C:/ti/ccsv8/tools/compiler/ti-cgt-arm_18.1.1.LTS/include" --define=ccs="ccs" --define=PART_TM4C123GH6PM -g --gcc --diag_warning=225 --diag_wrap=off --display_error_number --abi=eabi --preproc_with_compile --preproc_dependency="main.d_raw"  "../main.c"
"../main.c", line 142: warning #552-D: variable "error" was set but never used
"../main.c", line 164: warning #552-D: variable "gyro_x" was set but never used
"../main.c", line 164: warning #552-D: variable "gyro_y" was set but never used
"../main.c", line 164: warning #552-D: variable "gyro_z" was set but never used
"../main.c", line 164: warning #552-D: variable "accel_x" was set but never used
"../main.c", line 164: warning #552-D: variable "accel_y" was set but never used
"../main.c", line 164: warning #552-D: variable "accel_z" was set but never used
Finished building: "../main.c"
 
Building target: "SCANER.out"
Invoking: ARM Linker
"C:/ti/ccsv8/tools/compiler/ti-cgt-arm_18.1.1.LTS/bin/armcl" -mv7M4 --code_state=16 --float_support=FPv4SPD16 -me --define=ccs="ccs" --define=PART_TM4C123GH6PM -g --gcc --diag_warning=225 --diag_wrap=off --display_error_number --abi=eabi -z -m"SCANER.map" --heap_size=0 --stack_size=512 -i"C:/ti/ccsv8/tools/compiler/ti-cgt-arm_18.1.1.LTS/lib" -i"C:/ti/ccsv8/tools/compiler/ti-cgt-arm_18.1.1.LTS/include" --reread_libs --diag_wrap=off --display_error_number --warn_sections --xml_link_info="SCANER_linkInfo.xml" --rom_model -o "SCANER.out" "./main.obj" "./tm4c123gh6pm_startup_ccs.obj" "../tm4c123gh6pm.cmd"  -llibc.a 
<Linking>
Finished building target: "SCANER.out"
 

**** Build Finished ****

**** Build of configuration Debug for project SCANER ****

"C:\\ti\\ccsv8\\utils\\bin\\gmake" -k -j 4 all -O 
 
gmake[1]: 'SCANER.out' is up to date.

**** Build Finished ****

**** Build of configuration Debug for project SCANER ****

"C:\\ti\\ccsv8\\utils\\bin\\gmake" -k -j 4 all -O 
 
gmake[1]: 'SCANER.out' is up to date.

**** Build Finished ****

**** Build of configuration Debug for project SCANER ****

"C:\\ti\\ccsv8\\utils\\bin\\gmake" -k -j 4 all -O 
 
Building file: "../main.c"
Invoking: ARM Compiler
"C:/ti/ccsv8/tools/compiler/ti-cgt-arm_18.1.1.LTS/bin/armcl" -mv7M4 --code_state=16 --float_support=FPv4SPD16 -me --include_path="C:/Users/Jorge/Desktop/Proyecto SD/Etapa 2/SCANER" --include_path="C:/ti/ccsv8/tools/compiler/ti-cgt-arm_18.1.1.LTS/include" --define=ccs="ccs" --define=PART_TM4C123GH6PM -g --gcc --diag_warning=225 --diag_wrap=off --display_error_number --abi=eabi --preproc_with_compile --preproc_dependency="main.d_raw"  "../main.c"
"../main.c", line 142: warning #552-D: variable "error" was set but never used
"../main.c", line 172: warning #552-D: variable "gyro_x" was set but never used
"../main.c", line 172: warning #552-D: variable "gyro_y" was set but never used
"../main.c", line 172: warning #552-D: variable "gyro_z" was set but never used
"../main.c", line 172: warning #552-D: variable "accel_x" was set but never used
"../main.c", line 172: warning #552-D: variable "accel_y" was set but never used
"../main.c", line 172: warning #552-D: variable "accel_z" was set but never used
Finished building: "../main.c"
 
Building target: "SCANER.out"
Invoking: ARM Linker
"C:/ti/ccsv8/tools/compiler/ti-cgt-arm_18.1.1.LTS/bin/armcl" -mv7M4 --code_state=16 --float_support=FPv4SPD16 -me --define=ccs="ccs" --define=PART_TM4C123GH6PM -g --gcc --diag_warning=225 --diag_wrap=off --display_error_number --abi=eabi -z -m"SCANER.map" --heap_size=0 --stack_size=512 -i"C:/ti/ccsv8/tools/compiler/ti-cgt-arm_18.1.1.LTS/lib" -i"C:/ti/ccsv8/tools/compiler/ti-cgt-arm_18.1.1.LTS/include" --reread_libs --diag_wrap=off --display_error_number --warn_sections --xml_link_info="SCANER_linkInfo.xml" --rom_model -o "SCANER.out" "./main.obj" "./tm4c123gh6pm_startup_ccs.obj" "../tm4c123gh6pm.cmd"  -llibc.a 
<Linking>
Finished building target: "SCANER.out"
 

**** Build Finished ****

**** Build of configuration Debug for project SCANER ****

"C:\\ti\\ccsv8\\utils\\bin\\gmake" -k -j 4 all -O 
 
gmake[1]: 'SCANER.out' is up to date.

**** Build Finished ****

**** Build of configuration Debug for project SCANER ****

"C:\\ti\\ccsv8\\utils\\bin\\gmake" -k -j 4 all -O 
 
Building file: "../main.c"
Invoking: ARM Compiler
"C:/ti/ccsv8/tools/compiler/ti-cgt-arm_18.1.1.LTS/bin/armcl" -mv7M4 --code_state=16 --float_support=FPv4SPD16 -me --include_path="C:/Users/Jorge/Desktop/Proyecto SD/Etapa 2/SCANER" --include_path="C:/ti/ccsv8/tools/compiler/ti-cgt-arm_18.1.1.LTS/include" --define=ccs="ccs" --define=PART_TM4C123GH6PM -g --gcc --diag_warning=225 --diag_wrap=off --display_error_number --abi=eabi --preproc_with_compile --preproc_dependency="main.d_raw"  "../main.c"
 
>> Compilation failure
subdir_rules.mk:9: recipe for target 'main.obj' failed
"../main.c", line 143: warning #552-D: variable "error" was set but never used
"../main.c", line 306: warning #169-D: argument of type "char" is incompatible with parameter of type "char *"
"../main.c", line 307: error #66: expected a ";"
"../main.c", line 308: error #20: identifier "i" is undefined
"../main.c", line 290: warning #552-D: variable "gyro_x" was set but never used
"../main.c", line 290: warning #552-D: variable "gyro_y" was set but never used
"../main.c", line 290: warning #552-D: variable "gyro_z" was set but never used
"../main.c", line 290: warning #552-D: variable "accel_x" was set but never used
"../main.c", line 290: warning #552-D: variable "accel_y" was set but never used
2 errors detected in the compilation of "../main.c".
gmake: *** [main.obj] Error 1
gmake: Target 'all' not remade because of errors.

**** Build Finished ****

**** Build of configuration Debug for project SCANER ****

"C:\\ti\\ccsv8\\utils\\bin\\gmake" -k -j 4 all -O 
 
Building file: "../main.c"
Invoking: ARM Compiler
"C:/ti/ccsv8/tools/compiler/ti-cgt-arm_18.1.1.LTS/bin/armcl" -mv7M4 --code_state=16 --float_support=FPv4SPD16 -me --include_path="C:/Users/Jorge/Desktop/Proyecto SD/Etapa 2/SCANER" --include_path="C:/ti/ccsv8/tools/compiler/ti-cgt-arm_18.1.1.LTS/include" --define=ccs="ccs" --define=PART_TM4C123GH6PM -g --gcc --diag_warning=225 --diag_wrap=off --display_error_number --abi=eabi --preproc_with_compile --preproc_dependency="main.d_raw"  "../main.c"
"../main.c", line 143: warning #552-D: variable "error" was set but never used
"../main.c", line 306: warning #169-D: argument of type "char" is incompatible with parameter of type "char *"
"../main.c", line 307: warning #169-D: argument of type "char *" is incompatible with parameter of type "uint8_t *"
"../main.c", line 290: warning #552-D: variable "gyro_x" was set but never used
"../main.c", line 290: warning #552-D: variable "gyro_y" was set but never used
"../main.c", line 290: warning #552-D: variable "gyro_z" was set but never used
"../main.c", line 290: warning #552-D: variable "accel_x" was set but never used
"../main.c", line 290: warning #552-D: variable "accel_y" was set but never used
Finished building: "../main.c"
 
Building target: "SCANER.out"
Invoking: ARM Linker
"C:/ti/ccsv8/tools/compiler/ti-cgt-arm_18.1.1.LTS/bin/armcl" -mv7M4 --code_state=16 --float_support=FPv4SPD16 -me --define=ccs="ccs" --define=PART_TM4C123GH6PM -g --gcc --diag_warning=225 --diag_wrap=off --display_error_number --abi=eabi -z -m"SCANER.map" --heap_size=0 --stack_size=512 -i"C:/ti/ccsv8/tools/compiler/ti-cgt-arm_18.1.1.LTS/lib" -i"C:/ti/ccsv8/tools/compiler/ti-cgt-arm_18.1.1.LTS/include" --reread_libs --diag_wrap=off --display_error_number --warn_sections --xml_link_info="SCANER_linkInfo.xml" --rom_model -o "SCANER.out" "./main.obj" "./tm4c123gh6pm_startup_ccs.obj" "../tm4c123gh6pm.cmd"  -llibc.a 
<Linking>
Finished building target: "SCANER.out"
 

**** Build Finished ****

**** Build of configuration Debug for project SCANER ****

"C:\\ti\\ccsv8\\utils\\bin\\gmake" -k -j 4 all -O 
 
gmake[1]: 'SCANER.out' is up to date.

**** Build Finished ****

**** Build of configuration Debug for project SCANER ****

"C:\\ti\\ccsv8\\utils\\bin\\gmake" -k -j 4 all -O 
 
Building file: "../main.c"
Invoking: ARM Compiler
"C:/ti/ccsv8/tools/compiler/ti-cgt-arm_18.1.1.LTS/bin/armcl" -mv7M4 --code_state=16 --float_support=FPv4SPD16 -me --include_path="C:/Users/Jorge/Desktop/Proyecto SD/Etapa 2/SCANER" --include_path="C:/ti/ccsv8/tools/compiler/ti-cgt-arm_18.1.1.LTS/include" --define=ccs="ccs" --define=PART_TM4C123GH6PM -g --gcc --diag_warning=225 --diag_wrap=off --display_error_number --abi=eabi --preproc_with_compile --preproc_dependency="main.d_raw"  "../main.c"
"../main.c", line 143: warning #552-D: variable "error" was set but never used
"../main.c", line 306: warning #169-D: argument of type "char" is incompatible with parameter of type "char *"
"../main.c", line 307: warning #169-D: argument of type "char *" is incompatible with parameter of type "uint8_t *"
"../main.c", line 289: warning #179-D: variable "i" was declared but never referenced
"../main.c", line 290: warning #552-D: variable "gyro_x" was set but never used
"../main.c", line 290: warning #552-D: variable "gyro_y" was set but never used
"../main.c", line 290: warning #552-D: variable "gyro_z" was set but never used
"../main.c", line 290: warning #552-D: variable "accel_x" was set but never used
"../main.c", line 290: warning #552-D: variable "accel_y" was set but never used
Finished building: "../main.c"
 
Building target: "SCANER.out"
Invoking: ARM Linker
"C:/ti/ccsv8/tools/compiler/ti-cgt-arm_18.1.1.LTS/bin/armcl" -mv7M4 --code_state=16 --float_support=FPv4SPD16 -me --define=ccs="ccs" --define=PART_TM4C123GH6PM -g --gcc --diag_warning=225 --diag_wrap=off --display_error_number --abi=eabi -z -m"SCANER.map" --heap_size=0 --stack_size=512 -i"C:/ti/ccsv8/tools/compiler/ti-cgt-arm_18.1.1.LTS/lib" -i"C:/ti/ccsv8/tools/compiler/ti-cgt-arm_18.1.1.LTS/include" --reread_libs --diag_wrap=off --display_error_number --warn_sections --xml_link_info="SCANER_linkInfo.xml" --rom_model -o "SCANER.out" "./main.obj" "./tm4c123gh6pm_startup_ccs.obj" "../tm4c123gh6pm.cmd"  -llibc.a 
<Linking>
Finished building target: "SCANER.out"
 

**** Build Finished ****

**** Build of configuration Debug for project SCANER ****

"C:\\ti\\ccsv8\\utils\\bin\\gmake" -k -j 4 all -O 
 
Building file: "../main.c"
Invoking: ARM Compiler
"C:/ti/ccsv8/tools/compiler/ti-cgt-arm_18.1.1.LTS/bin/armcl" -mv7M4 --code_state=16 --float_support=FPv4SPD16 -me --include_path="C:/Users/Jorge/Desktop/Proyecto SD/Etapa 2/SCANER" --include_path="C:/ti/ccsv8/tools/compiler/ti-cgt-arm_18.1.1.LTS/include" --define=ccs="ccs" --define=PART_TM4C123GH6PM -g --gcc --diag_warning=225 --diag_wrap=off --display_error_number --abi=eabi --preproc_with_compile --preproc_dependency="main.d_raw"  "../main.c"
"../main.c", line 143: warning #552-D: variable "error" was set but never used
"../main.c", line 306: warning #169-D: argument of type "char" is incompatible with parameter of type "char *"
"../main.c", line 289: warning #179-D: variable "i" was declared but never referenced
"../main.c", line 290: warning #552-D: variable "gyro_x" was set but never used
"../main.c", line 290: warning #552-D: variable "gyro_y" was set but never used
"../main.c", line 290: warning #552-D: variable "gyro_z" was set but never used
"../main.c", line 290: warning #552-D: variable "accel_x" was set but never used
"../main.c", line 290: warning #552-D: variable "accel_y" was set but never used
Finished building: "../main.c"
 
Building target: "SCANER.out"
Invoking: ARM Linker
"C:/ti/ccsv8/tools/compiler/ti-cgt-arm_18.1.1.LTS/bin/armcl" -mv7M4 --code_state=16 --float_support=FPv4SPD16 -me --define=ccs="ccs" --define=PART_TM4C123GH6PM -g --gcc --diag_warning=225 --diag_wrap=off --display_error_number --abi=eabi -z -m"SCANER.map" --heap_size=0 --stack_size=512 -i"C:/ti/ccsv8/tools/compiler/ti-cgt-arm_18.1.1.LTS/lib" -i"C:/ti/ccsv8/tools/compiler/ti-cgt-arm_18.1.1.LTS/include" --reread_libs --diag_wrap=off --display_error_number --warn_sections --xml_link_info="SCANER_linkInfo.xml" --rom_model -o "SCANER.out" "./main.obj" "./tm4c123gh6pm_startup_ccs.obj" "../tm4c123gh6pm.cmd"  -llibc.a 
<Linking>
Finished building target: "SCANER.out"
 

**** Build Finished ****

**** Build of configuration Debug for project SCANER ****

"C:\\ti\\ccsv8\\utils\\bin\\gmake" -k -j 4 all -O 
 
gmake[1]: 'SCANER.out' is up to date.

**** Build Finished ****

**** Build of configuration Debug for project SCANER ****

"C:\\ti\\ccsv8\\utils\\bin\\gmake" -k -j 4 all -O 
 
gmake[1]: 'SCANER.out' is up to date.

**** Build Finished ****

**** Build of configuration Debug for project SCANER ****

"C:\\ti\\ccsv8\\utils\\bin\\gmake" -k -j 4 all -O 
 
Building file: "../main.c"
Invoking: ARM Compiler
"C:/ti/ccsv8/tools/compiler/ti-cgt-arm_18.1.1.LTS/bin/armcl" -mv7M4 --code_state=16 --float_support=FPv4SPD16 -me --include_path="C:/Users/Jorge/Desktop/Proyecto SD/Etapa 2/SCANER" --include_path="C:/ti/ccsv8/tools/compiler/ti-cgt-arm_18.1.1.LTS/include" --define=ccs="ccs" --define=PART_TM4C123GH6PM -g --gcc --diag_warning=225 --diag_wrap=off --display_error_number --abi=eabi --preproc_with_compile --preproc_dependency="main.d_raw"  "../main.c"
"../main.c", line 143: warning #552-D: variable "error" was set but never used
"../main.c", line 306: warning #169-D: argument of type "char" is incompatible with parameter of type "char *"
"../main.c", line 289: warning #179-D: variable "i" was declared but never referenced
"../main.c", line 290: warning #552-D: variable "gyro_x" was set but never used
"../main.c", line 290: warning #552-D: variable "gyro_y" was set but never used
"../main.c", line 290: warning #552-D: variable "gyro_z" was set but never used
"../main.c", line 290: warning #552-D: variable "accel_x" was set but never used
"../main.c", line 290: warning #552-D: variable "accel_y" was set but never used
Finished building: "../main.c"
 
Building target: "SCANER.out"
Invoking: ARM Linker
"C:/ti/ccsv8/tools/compiler/ti-cgt-arm_18.1.1.LTS/bin/armcl" -mv7M4 --code_state=16 --float_support=FPv4SPD16 -me --define=ccs="ccs" --define=PART_TM4C123GH6PM -g --gcc --diag_warning=225 --diag_wrap=off --display_error_number --abi=eabi -z -m"SCANER.map" --heap_size=0 --stack_size=512 -i"C:/ti/ccsv8/tools/compiler/ti-cgt-arm_18.1.1.LTS/lib" -i"C:/ti/ccsv8/tools/compiler/ti-cgt-arm_18.1.1.LTS/include" --reread_libs --diag_wrap=off --display_error_number --warn_sections --xml_link_info="SCANER_linkInfo.xml" --rom_model -o "SCANER.out" "./main.obj" "./tm4c123gh6pm_startup_ccs.obj" "../tm4c123gh6pm.cmd"  -llibc.a 
<Linking>
Finished building target: "SCANER.out"
 

**** Build Finished ****

**** Build of configuration Debug for project SCANER ****

"C:\\ti\\ccsv8\\utils\\bin\\gmake" -k -j 4 all -O 
 
gmake[1]: 'SCANER.out' is up to date.

**** Build Finished ****

**** Build of configuration Debug for project SCANER ****

"C:\\ti\\ccsv8\\utils\\bin\\gmake" -k -j 4 all -O 
 
gmake[1]: 'SCANER.out' is up to date.

**** Build Finished ****

**** Build of configuration Debug for project SCANER ****

"C:\\ti\\ccsv8\\utils\\bin\\gmake" -k -j 4 all -O 
 
gmake[1]: 'SCANER.out' is up to date.

**** Build Finished ****

**** Build of configuration Debug for project SCANER ****

"C:\\ti\\ccsv8\\utils\\bin\\gmake" -k -j 4 all -O 
 
gmake[1]: 'SCANER.out' is up to date.

**** Build Finished ****

**** Build of configuration Debug for project SCANER ****

"C:\\ti\\ccsv8\\utils\\bin\\gmake" -k -j 4 all -O 
 
gmake[1]: 'SCANER.out' is up to date.

**** Build Finished ****

**** Build of configuration Debug for project SCANER ****

"C:\\ti\\ccsv8\\utils\\bin\\gmake" -k -j 4 all -O 
 
gmake[1]: 'SCANER.out' is up to date.

**** Build Finished ****

**** Build of configuration Debug for project SCANER ****

"C:\\ti\\ccsv8\\utils\\bin\\gmake" -k -j 4 all -O 
 
gmake[1]: 'SCANER.out' is up to date.

**** Build Finished ****

**** Build of configuration Debug for project SCANER ****

"C:\\ti\\ccsv8\\utils\\bin\\gmake" -k -j 4 all -O 
 
gmake[1]: 'SCANER.out' is up to date.

**** Build Finished ****

**** Build of configuration Debug for project SCANER ****

"C:\\ti\\ccsv8\\utils\\bin\\gmake" -k -j 4 all -O 
 
gmake[1]: 'SCANER.out' is up to date.

**** Build Finished ****

**** Build of configuration Debug for project SCANER ****

"C:\\ti\\ccsv8\\utils\\bin\\gmake" -k -j 4 all -O 
 
Building file: "../main.c"
Invoking: ARM Compiler
"C:/ti/ccsv8/tools/compiler/ti-cgt-arm_18.1.1.LTS/bin/armcl" -mv7M4 --code_state=16 --float_support=FPv4SPD16 -me --include_path="C:/Users/Jorge/Desktop/Proyecto SD/Etapa 2/SCANER" --include_path="C:/ti/ccsv8/tools/compiler/ti-cgt-arm_18.1.1.LTS/include" --define=ccs="ccs" --define=PART_TM4C123GH6PM -g --gcc --diag_warning=225 --diag_wrap=off --display_error_number --abi=eabi --preproc_with_compile --preproc_dependency="main.d_raw"  "../main.c"
"../main.c", line 143: warning #552-D: variable "error" was set but never used
"../main.c", line 289: warning #179-D: variable "i" was declared but never referenced
"../main.c", line 290: warning #552-D: variable "gyro_x" was set but never used
"../main.c", line 290: warning #552-D: variable "gyro_y" was set but never used
"../main.c", line 290: warning #552-D: variable "gyro_z" was set but never used
"../main.c", line 290: warning #552-D: variable "accel_x" was set but never used
"../main.c", line 290: warning #552-D: variable "accel_y" was set but never used
Finished building: "../main.c"
 
Building target: "SCANER.out"
Invoking: ARM Linker
"C:/ti/ccsv8/tools/compiler/ti-cgt-arm_18.1.1.LTS/bin/armcl" -mv7M4 --code_state=16 --float_support=FPv4SPD16 -me --define=ccs="ccs" --define=PART_TM4C123GH6PM -g --gcc --diag_warning=225 --diag_wrap=off --display_error_number --abi=eabi -z -m"SCANER.map" --heap_size=0 --stack_size=512 -i"C:/ti/ccsv8/tools/compiler/ti-cgt-arm_18.1.1.LTS/lib" -i"C:/ti/ccsv8/tools/compiler/ti-cgt-arm_18.1.1.LTS/include" --reread_libs --diag_wrap=off --display_error_number --warn_sections --xml_link_info="SCANER_linkInfo.xml" --rom_model -o "SCANER.out" "./main.obj" "./tm4c123gh6pm_startup_ccs.obj" "../tm4c123gh6pm.cmd"  -llibc.a 
<Linking>
Finished building target: "SCANER.out"
 

**** Build Finished ****

**** Build of configuration Debug for project SCANER ****

"C:\\ti\\ccsv8\\utils\\bin\\gmake" -k -j 4 all -O 
 
gmake[1]: 'SCANER.out' is up to date.

**** Build Finished ****

**** Build of configuration Debug for project SCANER ****

"C:\\ti\\ccsv8\\utils\\bin\\gmake" -k -j 4 all -O 
 
gmake[1]: 'SCANER.out' is up to date.

**** Build Finished ****

**** Build of configuration Debug for project SCANER ****

"C:\\ti\\ccsv8\\utils\\bin\\gmake" -k -j 4 all -O 
 
gmake[1]: 'SCANER.out' is up to date.

**** Build Finished ****

**** Build of configuration Debug for project SCANER ****

"C:\\ti\\ccsv8\\utils\\bin\\gmake" -k -j 4 all -O 
 
gmake[1]: 'SCANER.out' is up to date.

**** Build Finished ****

**** Build of configuration Debug for project SCANER ****

"C:\\ti\\ccsv8\\utils\\bin\\gmake" -k -j 4 all -O 
 
Building file: "../main.c"
Invoking: ARM Compiler
"C:/ti/ccsv8/tools/compiler/ti-cgt-arm_18.1.1.LTS/bin/armcl" -mv7M4 --code_state=16 --float_support=FPv4SPD16 -me --include_path="C:/Users/Jorge/Desktop/Proyecto SD/Etapa 2/SCANER" --include_path="C:/ti/ccsv8/tools/compiler/ti-cgt-arm_18.1.1.LTS/include" --define=ccs="ccs" --define=PART_TM4C123GH6PM -g --gcc --diag_warning=225 --diag_wrap=off --display_error_number --abi=eabi --preproc_with_compile --preproc_dependency="main.d_raw"  "../main.c"
 
>> Compilation failure
subdir_rules.mk:9: recipe for target 'main.obj' failed
"../main.c", line 143: warning #552-D: variable "error" was set but never used
"../main.c", line 307: error #29: expected an expression
"../main.c", line 289: warning #179-D: variable "i" was declared but never referenced
"../main.c", line 290: warning #552-D: variable "gyro_x" was set but never used
"../main.c", line 290: warning #552-D: variable "gyro_y" was set but never used
"../main.c", line 290: warning #552-D: variable "gyro_z" was set but never used
"../main.c", line 290: warning #552-D: variable "accel_x" was set but never used
"../main.c", line 290: warning #552-D: variable "accel_y" was set but never used
1 error detected in the compilation of "../main.c".
gmake: *** [main.obj] Error 1
gmake: Target 'all' not remade because of errors.

**** Build Finished ****

**** Build of configuration Debug for project SCANER ****

"C:\\ti\\ccsv8\\utils\\bin\\gmake" -k -j 4 all -O 
 
Building file: "../main.c"
Invoking: ARM Compiler
"C:/ti/ccsv8/tools/compiler/ti-cgt-arm_18.1.1.LTS/bin/armcl" -mv7M4 --code_state=16 --float_support=FPv4SPD16 -me --include_path="C:/Users/Jorge/Desktop/Proyecto SD/Etapa 2/SCANER" --include_path="C:/ti/ccsv8/tools/compiler/ti-cgt-arm_18.1.1.LTS/include" --define=ccs="ccs" --define=PART_TM4C123GH6PM -g --gcc --diag_warning=225 --diag_wrap=off --display_error_number --abi=eabi --preproc_with_compile --preproc_dependency="main.d_raw"  "../main.c"
"../main.c", line 143: warning #552-D: variable "error" was set but never used
"../main.c", line 289: warning #179-D: variable "i" was declared but never referenced
"../main.c", line 290: warning #552-D: variable "gyro_x" was set but never used
"../main.c", line 290: warning #552-D: variable "gyro_y" was set but never used
"../main.c", line 290: warning #552-D: variable "gyro_z" was set but never used
"../main.c", line 290: warning #552-D: variable "accel_x" was set but never used
"../main.c", line 290: warning #552-D: variable "accel_y" was set but never used
Finished building: "../main.c"
 
Building target: "SCANER.out"
Invoking: ARM Linker
"C:/ti/ccsv8/tools/compiler/ti-cgt-arm_18.1.1.LTS/bin/armcl" -mv7M4 --code_state=16 --float_support=FPv4SPD16 -me --define=ccs="ccs" --define=PART_TM4C123GH6PM -g --gcc --diag_warning=225 --diag_wrap=off --display_error_number --abi=eabi -z -m"SCANER.map" --heap_size=0 --stack_size=512 -i"C:/ti/ccsv8/tools/compiler/ti-cgt-arm_18.1.1.LTS/lib" -i"C:/ti/ccsv8/tools/compiler/ti-cgt-arm_18.1.1.LTS/include" --reread_libs --diag_wrap=off --display_error_number --warn_sections --xml_link_info="SCANER_linkInfo.xml" --rom_model -o "SCANER.out" "./main.obj" "./tm4c123gh6pm_startup_ccs.obj" "../tm4c123gh6pm.cmd"  -llibc.a 
<Linking>
Finished building target: "SCANER.out"
 

**** Build Finished ****

**** Build of configuration Debug for project SCANER ****

"C:\\ti\\ccsv8\\utils\\bin\\gmake" -k -j 4 all -O 
 
gmake[1]: 'SCANER.out' is up to date.

**** Build Finished ****

**** Build of configuration Debug for project SCANER ****

"C:\\ti\\ccsv8\\utils\\bin\\gmake" -k -j 4 all -O 
 
gmake[1]: 'SCANER.out' is up to date.

**** Build Finished ****

**** Build of configuration Debug for project SCANER ****

"C:\\ti\\ccsv8\\utils\\bin\\gmake" -k -j 4 all -O 
 
gmake[1]: 'SCANER.out' is up to date.

**** Build Finished ****

**** Build of configuration Debug for project SCANER ****

"C:\\ti\\ccsv8\\utils\\bin\\gmake" -k -j 4 all -O 
 
Building file: "../main.c"
Invoking: ARM Compiler
"C:/ti/ccsv8/tools/compiler/ti-cgt-arm_18.1.1.LTS/bin/armcl" -mv7M4 --code_state=16 --float_support=FPv4SPD16 -me --include_path="C:/Users/Jorge/Desktop/Proyecto SD/Etapa 2/SCANER" --include_path="C:/ti/ccsv8/tools/compiler/ti-cgt-arm_18.1.1.LTS/include" --define=ccs="ccs" --define=PART_TM4C123GH6PM -g --gcc --diag_warning=225 --diag_wrap=off --display_error_number --abi=eabi --preproc_with_compile --preproc_dependency="main.d_raw"  "../main.c"
"../main.c", line 143: warning #552-D: variable "error" was set but never used
"../main.c", line 289: warning #179-D: variable "i" was declared but never referenced
"../main.c", line 290: warning #552-D: variable "gyro_x" was set but never used
"../main.c", line 290: warning #552-D: variable "gyro_y" was set but never used
"../main.c", line 290: warning #552-D: variable "gyro_z" was set but never used
"../main.c", line 290: warning #552-D: variable "accel_y" was set but never used
"../main.c", line 290: warning #552-D: variable "accel_z" was set but never used
Finished building: "../main.c"
 
Building target: "SCANER.out"
Invoking: ARM Linker
"C:/ti/ccsv8/tools/compiler/ti-cgt-arm_18.1.1.LTS/bin/armcl" -mv7M4 --code_state=16 --float_support=FPv4SPD16 -me --define=ccs="ccs" --define=PART_TM4C123GH6PM -g --gcc --diag_warning=225 --diag_wrap=off --display_error_number --abi=eabi -z -m"SCANER.map" --heap_size=0 --stack_size=512 -i"C:/ti/ccsv8/tools/compiler/ti-cgt-arm_18.1.1.LTS/lib" -i"C:/ti/ccsv8/tools/compiler/ti-cgt-arm_18.1.1.LTS/include" --reread_libs --diag_wrap=off --display_error_number --warn_sections --xml_link_info="SCANER_linkInfo.xml" --rom_model -o "SCANER.out" "./main.obj" "./tm4c123gh6pm_startup_ccs.obj" "../tm4c123gh6pm.cmd"  -llibc.a 
<Linking>
Finished building target: "SCANER.out"
 

**** Build Finished ****

**** Build of configuration Debug for project SCANER ****

"C:\\ti\\ccsv8\\utils\\bin\\gmake" -k -j 4 all -O 
 
gmake[1]: 'SCANER.out' is up to date.

**** Build Finished ****

**** Build of configuration Debug for project SCANER ****

"C:\\ti\\ccsv8\\utils\\bin\\gmake" -k -j 4 all -O 
 
gmake[1]: 'SCANER.out' is up to date.

**** Build Finished ****

**** Build of configuration Debug for project SCANER ****

"C:\\ti\\ccsv8\\utils\\bin\\gmake" -k -j 4 all -O 
 
gmake[1]: 'SCANER.out' is up to date.

**** Build Finished ****

**** Build of configuration Debug for project SCANER ****

"C:\\ti\\ccsv8\\utils\\bin\\gmake" -k -j 4 all -O 
 
Building file: "../main.c"
Invoking: ARM Compiler
"C:/ti/ccsv8/tools/compiler/ti-cgt-arm_18.1.1.LTS/bin/armcl" -mv7M4 --code_state=16 --float_support=FPv4SPD16 -me --include_path="C:/Users/Jorge/Desktop/Proyecto SD/Etapa 2/SCANER" --include_path="C:/ti/ccsv8/tools/compiler/ti-cgt-arm_18.1.1.LTS/include" --define=ccs="ccs" --define=PART_TM4C123GH6PM -g --gcc --diag_warning=225 --diag_wrap=off --display_error_number --abi=eabi --preproc_with_compile --preproc_dependency="main.d_raw"  "../main.c"
"../main.c", line 143: warning #552-D: variable "error" was set but never used
"../main.c", line 289: warning #179-D: variable "i" was declared but never referenced
"../main.c", line 290: warning #552-D: variable "gyro_x" was set but never used
"../main.c", line 290: warning #552-D: variable "gyro_y" was set but never used
"../main.c", line 290: warning #552-D: variable "gyro_z" was set but never used
"../main.c", line 290: warning #552-D: variable "accel_y" was set but never used
"../main.c", line 290: warning #552-D: variable "accel_z" was set but never used
Finished building: "../main.c"
 
Building target: "SCANER.out"
Invoking: ARM Linker
"C:/ti/ccsv8/tools/compiler/ti-cgt-arm_18.1.1.LTS/bin/armcl" -mv7M4 --code_state=16 --float_support=FPv4SPD16 -me --define=ccs="ccs" --define=PART_TM4C123GH6PM -g --gcc --diag_warning=225 --diag_wrap=off --display_error_number --abi=eabi -z -m"SCANER.map" --heap_size=0 --stack_size=512 -i"C:/ti/ccsv8/tools/compiler/ti-cgt-arm_18.1.1.LTS/lib" -i"C:/ti/ccsv8/tools/compiler/ti-cgt-arm_18.1.1.LTS/include" --reread_libs --diag_wrap=off --display_error_number --warn_sections --xml_link_info="SCANER_linkInfo.xml" --rom_model -o "SCANER.out" "./main.obj" "./tm4c123gh6pm_startup_ccs.obj" "../tm4c123gh6pm.cmd"  -llibc.a 
<Linking>
Finished building target: "SCANER.out"
 

**** Build Finished ****

**** Build of configuration Debug for project SCANER ****

"C:\\ti\\ccsv8\\utils\\bin\\gmake" -k -j 4 all -O 
 
gmake[1]: 'SCANER.out' is up to date.

**** Build Finished ****

**** Build of configuration Debug for project SCANER ****

"C:\\ti\\ccsv8\\utils\\bin\\gmake" -k -j 4 all -O 
 
gmake[1]: 'SCANER.out' is up to date.

**** Build Finished ****

**** Build of configuration Debug for project SCANER ****

"C:\\ti\\ccsv8\\utils\\bin\\gmake" -k -j 4 all -O 
 
gmake[1]: 'SCANER.out' is up to date.

**** Build Finished ****

**** Build of configuration Debug for project SCANER ****

"C:\\ti\\ccsv8\\utils\\bin\\gmake" -k -j 4 all -O 
 
gmake[1]: 'SCANER.out' is up to date.

**** Build Finished ****

**** Build of configuration Debug for project SCANER ****

"C:\\ti\\ccsv8\\utils\\bin\\gmake" -k -j 4 all -O 
 
gmake[1]: 'SCANER.out' is up to date.

**** Build Finished ****

**** Build of configuration Debug for project SCANER ****

"C:\\ti\\ccsv8\\utils\\bin\\gmake" -k -j 4 all -O 
 
Building file: "../main.c"
Invoking: ARM Compiler
"C:/ti/ccsv8/tools/compiler/ti-cgt-arm_18.1.1.LTS/bin/armcl" -mv7M4 --code_state=16 --float_support=FPv4SPD16 -me --include_path="C:/Users/Jorge/Desktop/Proyecto SD/Etapa 2/SCANER" --include_path="C:/ti/ccsv8/tools/compiler/ti-cgt-arm_18.1.1.LTS/include" --define=ccs="ccs" --define=PART_TM4C123GH6PM -g --gcc --diag_warning=225 --diag_wrap=off --display_error_number --abi=eabi --preproc_with_compile --preproc_dependency="main.d_raw"  "../main.c"
"../main.c", line 143: warning #552-D: variable "error" was set but never used
"../main.c", line 289: warning #179-D: variable "i" was declared but never referenced
"../main.c", line 290: warning #552-D: variable "gyro_x" was set but never used
"../main.c", line 290: warning #552-D: variable "gyro_y" was set but never used
"../main.c", line 290: warning #552-D: variable "gyro_z" was set but never used
"../main.c", line 290: warning #552-D: variable "accel_y" was set but never used
"../main.c", line 290: warning #552-D: variable "accel_z" was set but never used
Finished building: "../main.c"
 
Building target: "SCANER.out"
Invoking: ARM Linker
"C:/ti/ccsv8/tools/compiler/ti-cgt-arm_18.1.1.LTS/bin/armcl" -mv7M4 --code_state=16 --float_support=FPv4SPD16 -me --define=ccs="ccs" --define=PART_TM4C123GH6PM -g --gcc --diag_warning=225 --diag_wrap=off --display_error_number --abi=eabi -z -m"SCANER.map" --heap_size=0 --stack_size=512 -i"C:/ti/ccsv8/tools/compiler/ti-cgt-arm_18.1.1.LTS/lib" -i"C:/ti/ccsv8/tools/compiler/ti-cgt-arm_18.1.1.LTS/include" --reread_libs --diag_wrap=off --display_error_number --warn_sections --xml_link_info="SCANER_linkInfo.xml" --rom_model -o "SCANER.out" "./main.obj" "./tm4c123gh6pm_startup_ccs.obj" "../tm4c123gh6pm.cmd"  -llibc.a 
<Linking>
Finished building target: "SCANER.out"
 

**** Build Finished ****

**** Build of configuration Debug for project SCANER ****

"C:\\ti\\ccsv8\\utils\\bin\\gmake" -k -j 4 all -O 
 
gmake[1]: 'SCANER.out' is up to date.

**** Build Finished ****

**** Build of configuration Debug for project SCANER ****

"C:\\ti\\ccsv8\\utils\\bin\\gmake" -k -j 4 all -O 
 
gmake[1]: 'SCANER.out' is up to date.

**** Build Finished ****

**** Build of configuration Debug for project SCANER ****

"C:\\ti\\ccsv8\\utils\\bin\\gmake" -k -j 4 all -O 
 
gmake[1]: 'SCANER.out' is up to date.

**** Build Finished ****

**** Build of configuration Debug for project SCANER ****

"C:\\ti\\ccsv8\\utils\\bin\\gmake" -k -j 4 all -O 
 
gmake[1]: 'SCANER.out' is up to date.

**** Build Finished ****

**** Build of configuration Debug for project SCANER ****

"C:\\ti\\ccsv8\\utils\\bin\\gmake" -k -j 4 all -O 
 
Building file: "../main.c"
Invoking: ARM Compiler
"C:/ti/ccsv8/tools/compiler/ti-cgt-arm_18.1.1.LTS/bin/armcl" -mv7M4 --code_state=16 --float_support=FPv4SPD16 -me --include_path="C:/Users/Jorge/Desktop/Proyecto SD/Etapa 2/SCANER" --include_path="C:/ti/ccsv8/tools/compiler/ti-cgt-arm_18.1.1.LTS/include" --define=ccs="ccs" --define=PART_TM4C123GH6PM -g --gcc --diag_warning=225 --diag_wrap=off --display_error_number --abi=eabi --preproc_with_compile --preproc_dependency="main.d_raw"  "../main.c"
"../main.c", line 143: warning #552-D: variable "error" was set but never used
"../main.c", line 290: warning #179-D: variable "i" was declared but never referenced
"../main.c", line 291: warning #552-D: variable "gyro_x" was set but never used
"../main.c", line 291: warning #552-D: variable "gyro_y" was set but never used
"../main.c", line 291: warning #552-D: variable "gyro_z" was set but never used
"../main.c", line 291: warning #552-D: variable "accel_y" was set but never used
"../main.c", line 291: warning #552-D: variable "accel_z" was set but never used
Finished building: "../main.c"
 
Building target: "SCANER.out"
Invoking: ARM Linker
"C:/ti/ccsv8/tools/compiler/ti-cgt-arm_18.1.1.LTS/bin/armcl" -mv7M4 --code_state=16 --float_support=FPv4SPD16 -me --define=ccs="ccs" --define=PART_TM4C123GH6PM -g --gcc --diag_warning=225 --diag_wrap=off --display_error_number --abi=eabi -z -m"SCANER.map" --heap_size=0 --stack_size=512 -i"C:/ti/ccsv8/tools/compiler/ti-cgt-arm_18.1.1.LTS/lib" -i"C:/ti/ccsv8/tools/compiler/ti-cgt-arm_18.1.1.LTS/include" --reread_libs --diag_wrap=off --display_error_number --warn_sections --xml_link_info="SCANER_linkInfo.xml" --rom_model -o "SCANER.out" "./main.obj" "./tm4c123gh6pm_startup_ccs.obj" "../tm4c123gh6pm.cmd"  -llibc.a 
<Linking>
Finished building target: "SCANER.out"
 

**** Build Finished ****

**** Build of configuration Debug for project SCANER ****

"C:\\ti\\ccsv8\\utils\\bin\\gmake" -k -j 4 all -O 
 
gmake[1]: 'SCANER.out' is up to date.

**** Build Finished ****

**** Build of configuration Debug for project SCANER ****

"C:\\ti\\ccsv8\\utils\\bin\\gmake" -k -j 4 all -O 
 
Building file: "../main.c"
Invoking: ARM Compiler
"C:/ti/ccsv8/tools/compiler/ti-cgt-arm_18.1.1.LTS/bin/armcl" -mv7M4 --code_state=16 --float_support=FPv4SPD16 -me --include_path="C:/Users/Jorge/Desktop/Proyecto SD/Etapa 2/SCANER" --include_path="C:/ti/ccsv8/tools/compiler/ti-cgt-arm_18.1.1.LTS/include" --define=ccs="ccs" --define=PART_TM4C123GH6PM -g --gcc --diag_warning=225 --diag_wrap=off --display_error_number --abi=eabi --preproc_with_compile --preproc_dependency="main.d_raw"  "../main.c"
 
>> Compilation failure
subdir_rules.mk:9: recipe for target 'main.obj' failed
"../main.c", line 143: warning #552-D: variable "error" was set but never used
"../main.c", line 272: error #20: identifier "msj" is undefined
"../main.c", line 270: warning #179-D: variable "letra" was declared but never referenced
"../main.c", line 296: warning #179-D: variable "i" was declared but never referenced
"../main.c", line 297: warning #552-D: variable "gyro_x" was set but never used
"../main.c", line 297: warning #552-D: variable "gyro_y" was set but never used
"../main.c", line 297: warning #552-D: variable "gyro_z" was set but never used
"../main.c", line 297: warning #552-D: variable "accel_y" was set but never used
"../main.c", line 297: warning #552-D: variable "accel_z" was set but never used
1 error detected in the compilation of "../main.c".
gmake: *** [main.obj] Error 1
gmake: Target 'all' not remade because of errors.

**** Build Finished ****

**** Build of configuration Debug for project SCANER ****

"C:\\ti\\ccsv8\\utils\\bin\\gmake" -k -j 4 all -O 
 
Building file: "../main.c"
Invoking: ARM Compiler
"C:/ti/ccsv8/tools/compiler/ti-cgt-arm_18.1.1.LTS/bin/armcl" -mv7M4 --code_state=16 --float_support=FPv4SPD16 -me --include_path="C:/Users/Jorge/Desktop/Proyecto SD/Etapa 2/SCANER" --include_path="C:/ti/ccsv8/tools/compiler/ti-cgt-arm_18.1.1.LTS/include" --define=ccs="ccs" --define=PART_TM4C123GH6PM -g --gcc --diag_warning=225 --diag_wrap=off --display_error_number --abi=eabi --preproc_with_compile --preproc_dependency="main.d_raw"  "../main.c"
"../main.c", line 143: warning #552-D: variable "error" was set but never used
"../main.c", line 295: warning #179-D: variable "i" was declared but never referenced
"../main.c", line 296: warning #552-D: variable "gyro_x" was set but never used
"../main.c", line 296: warning #552-D: variable "gyro_y" was set but never used
"../main.c", line 296: warning #552-D: variable "gyro_z" was set but never used
"../main.c", line 296: warning #552-D: variable "accel_y" was set but never used
"../main.c", line 296: warning #552-D: variable "accel_z" was set but never used
Finished building: "../main.c"
 
Building target: "SCANER.out"
Invoking: ARM Linker
"C:/ti/ccsv8/tools/compiler/ti-cgt-arm_18.1.1.LTS/bin/armcl" -mv7M4 --code_state=16 --float_support=FPv4SPD16 -me --define=ccs="ccs" --define=PART_TM4C123GH6PM -g --gcc --diag_warning=225 --diag_wrap=off --display_error_number --abi=eabi -z -m"SCANER.map" --heap_size=0 --stack_size=512 -i"C:/ti/ccsv8/tools/compiler/ti-cgt-arm_18.1.1.LTS/lib" -i"C:/ti/ccsv8/tools/compiler/ti-cgt-arm_18.1.1.LTS/include" --reread_libs --diag_wrap=off --display_error_number --warn_sections --xml_link_info="SCANER_linkInfo.xml" --rom_model -o "SCANER.out" "./main.obj" "./tm4c123gh6pm_startup_ccs.obj" "../tm4c123gh6pm.cmd"  -llibc.a 
<Linking>
Finished building target: "SCANER.out"
 

**** Build Finished ****

**** Build of configuration Debug for project SCANER ****

"C:\\ti\\ccsv8\\utils\\bin\\gmake" -k -j 4 all -O 
 
Building file: "../main.c"
Invoking: ARM Compiler
"C:/ti/ccsv8/tools/compiler/ti-cgt-arm_18.1.1.LTS/bin/armcl" -mv7M4 --code_state=16 --float_support=FPv4SPD16 -me --include_path="C:/Users/Jorge/Desktop/Proyecto SD/Etapa 2/SCANER" --include_path="C:/ti/ccsv8/tools/compiler/ti-cgt-arm_18.1.1.LTS/include" --define=ccs="ccs" --define=PART_TM4C123GH6PM -g --gcc --diag_warning=225 --diag_wrap=off --display_error_number --abi=eabi --preproc_with_compile --preproc_dependency="main.d_raw"  "../main.c"
"../main.c", line 143: warning #552-D: variable "error" was set but never used
"../main.c", line 282: warning #225-D: function "txcar_UART0" declared implicitly
"../main.c", line 296: warning #179-D: variable "i" was declared but never referenced
"../main.c", line 297: warning #552-D: variable "gyro_x" was set but never used
"../main.c", line 297: warning #552-D: variable "gyro_y" was set but never used
"../main.c", line 297: warning #552-D: variable "gyro_z" was set but never used
"../main.c", line 297: warning #552-D: variable "accel_y" was set but never used
"../main.c", line 297: warning #552-D: variable "accel_z" was set but never used
Finished building: "../main.c"
 
Building target: "SCANER.out"
Invoking: ARM Linker
"C:/ti/ccsv8/tools/compiler/ti-cgt-arm_18.1.1.LTS/bin/armcl" -mv7M4 --code_state=16 --float_support=FPv4SPD16 -me --define=ccs="ccs" --define=PART_TM4C123GH6PM -g --gcc --diag_warning=225 --diag_wrap=off --display_error_number --abi=eabi -z -m"SCANER.map" --heap_size=0 --stack_size=512 -i"C:/ti/ccsv8/tools/compiler/ti-cgt-arm_18.1.1.LTS/lib" -i"C:/ti/ccsv8/tools/compiler/ti-cgt-arm_18.1.1.LTS/include" --reread_libs --diag_wrap=off --display_error_number --warn_sections --xml_link_info="SCANER_linkInfo.xml" --rom_model -o "SCANER.out" "./main.obj" "./tm4c123gh6pm_startup_ccs.obj" "../tm4c123gh6pm.cmd"  -llibc.a 
<Linking>
 
 undefined   first referenced
  symbol         in file     
 ---------   ----------------
 txcar_UART0 ./main.obj      
 
error #10234-D: unresolved symbols remain
error #10010: errors encountered during linking; "SCANER.out" not built
 
>> Compilation failure
makefile:142: recipe for target 'SCANER.out' failed
gmake[1]: *** [SCANER.out] Error 1
makefile:138: recipe for target 'all' failed
gmake: *** [all] Error 2

**** Build Finished ****

**** Build of configuration Debug for project SCANER ****

"C:\\ti\\ccsv8\\utils\\bin\\gmake" -k -j 4 all -O 
 
Building file: "../main.c"
Invoking: ARM Compiler
"C:/ti/ccsv8/tools/compiler/ti-cgt-arm_18.1.1.LTS/bin/armcl" -mv7M4 --code_state=16 --float_support=FPv4SPD16 -me --include_path="C:/Users/Jorge/Desktop/Proyecto SD/Etapa 2/SCANER" --include_path="C:/ti/ccsv8/tools/compiler/ti-cgt-arm_18.1.1.LTS/include" --define=ccs="ccs" --define=PART_TM4C123GH6PM -g --gcc --diag_warning=225 --diag_wrap=off --display_error_number --abi=eabi --preproc_with_compile --preproc_dependency="main.d_raw"  "../main.c"
"../main.c", line 143: warning #552-D: variable "error" was set but never used
"../main.c", line 296: warning #179-D: variable "i" was declared but never referenced
"../main.c", line 297: warning #552-D: variable "gyro_x" was set but never used
"../main.c", line 297: warning #552-D: variable "gyro_y" was set but never used
"../main.c", line 297: warning #552-D: variable "gyro_z" was set but never used
"../main.c", line 297: warning #552-D: variable "accel_y" was set but never used
"../main.c", line 297: warning #552-D: variable "accel_z" was set but never used
Finished building: "../main.c"
 
Building target: "SCANER.out"
Invoking: ARM Linker
"C:/ti/ccsv8/tools/compiler/ti-cgt-arm_18.1.1.LTS/bin/armcl" -mv7M4 --code_state=16 --float_support=FPv4SPD16 -me --define=ccs="ccs" --define=PART_TM4C123GH6PM -g --gcc --diag_warning=225 --diag_wrap=off --display_error_number --abi=eabi -z -m"SCANER.map" --heap_size=0 --stack_size=512 -i"C:/ti/ccsv8/tools/compiler/ti-cgt-arm_18.1.1.LTS/lib" -i"C:/ti/ccsv8/tools/compiler/ti-cgt-arm_18.1.1.LTS/include" --reread_libs --diag_wrap=off --display_error_number --warn_sections --xml_link_info="SCANER_linkInfo.xml" --rom_model -o "SCANER.out" "./main.obj" "./tm4c123gh6pm_startup_ccs.obj" "../tm4c123gh6pm.cmd"  -llibc.a 
<Linking>
Finished building target: "SCANER.out"
 

**** Build Finished ****
